2025-02-12 11:12:29,461 - [INFO] - 1 change detected
2025-02-12 11:12:30,079 - [INFO] - 1 change detected
2025-02-12 11:12:30,438 - [INFO] - 5 changes detected
2025-02-12 11:13:03,943 - [INFO] - 1 change detected
2025-02-12 11:13:05,858 - [INFO] - Recebendo requisição: GET http://127.0.0.1:8000/
2025-02-12 11:13:05,871 - [INFO] - Resposta: 200
2025-02-12 11:13:16,788 - [INFO] - 1 change detected
2025-02-12 11:13:17,592 - [INFO] - 1 change detected
2025-02-12 11:13:31,784 - [INFO] - 1 change detected
2025-02-12 11:13:32,988 - [INFO] - 1 change detected
2025-02-12 11:13:46,707 - [INFO] - 1 change detected
2025-02-12 11:13:48,170 - [INFO] - 1 change detected
2025-02-12 11:14:02,033 - [INFO] - 1 change detected
2025-02-12 11:14:02,448 - [INFO] - 1 change detected
2025-02-12 11:14:16,058 - [INFO] - Recebendo requisição: GET http://127.0.0.1:8000/docs
2025-02-12 11:14:16,089 - [INFO] - Resposta: 200
2025-02-12 11:14:16,316 - [INFO] - Recebendo requisição: GET http://127.0.0.1:8000/openapi.json
2025-02-12 11:14:16,831 - [INFO] - 1 change detected
2025-02-12 11:14:17,210 - [INFO] - 1 change detected
2025-02-12 11:14:18,620 - [INFO] - Resposta: 200
2025-02-12 11:14:31,929 - [INFO] - 1 change detected
2025-02-12 11:14:32,322 - [INFO] - 1 change detected
2025-02-12 11:14:47,144 - [INFO] - 1 change detected
2025-02-12 11:15:02,030 - [INFO] - 1 change detected
2025-02-12 11:15:02,400 - [INFO] - 1 change detected
2025-02-12 11:15:17,097 - [INFO] - 1 change detected
2025-02-12 11:15:18,374 - [INFO] - 1 change detected
2025-02-12 11:15:32,441 - [INFO] - 1 change detected
2025-02-12 11:15:33,835 - [INFO] - 1 change detected
2025-02-12 11:15:47,695 - [INFO] - 1 change detected
2025-02-12 11:15:48,181 - [INFO] - 1 change detected
2025-02-12 11:16:03,284 - [INFO] - 1 change detected
2025-02-12 11:16:19,327 - [INFO] - 1 change detected
2025-02-12 11:16:27,034 - [INFO] - 1 change detected
2025-02-12 11:16:28,390 - [INFO] - 1 change detected
2025-02-12 11:48:10,770 - [INFO] - Recebendo requisição: GET http://127.0.0.1:8000/metrics
2025-02-12 11:48:10,813 - [INFO] - Resposta: 200
2025-02-12 13:37:10,841 - [INFO] - Recebendo requisição: GET http://localhost:8000/metrics
2025-02-12 13:37:10,954 - [INFO] - Resposta: 200
2025-02-12 13:37:25,628 - [INFO] - Recebendo requisição: GET http://localhost:8000/metrics
2025-02-12 13:37:25,631 - [INFO] - Resposta: 200
2025-02-12 13:37:40,632 - [INFO] - Recebendo requisição: GET http://localhost:8000/metrics
2025-02-12 13:37:40,634 - [INFO] - Resposta: 200
2025-02-12 13:37:55,627 - [INFO] - Recebendo requisição: GET http://localhost:8000/metrics
2025-02-12 13:37:55,633 - [INFO] - Resposta: 200
2025-02-12 13:38:10,631 - [INFO] - Recebendo requisição: GET http://localhost:8000/metrics
2025-02-12 13:38:10,633 - [INFO] - Resposta: 200
2025-02-12 13:38:24,942 - [INFO] - Recebendo requisição: GET http://127.0.0.1:8000/metrics
2025-02-12 13:38:24,962 - [INFO] - Resposta: 200
2025-02-12 13:38:25,654 - [INFO] - Recebendo requisição: GET http://localhost:8000/metrics
2025-02-12 13:38:25,657 - [INFO] - Resposta: 200
2025-02-12 13:38:40,630 - [INFO] - Recebendo requisição: GET http://localhost:8000/metrics
2025-02-12 13:38:40,631 - [INFO] - Resposta: 200
2025-02-12 13:38:55,630 - [INFO] - Recebendo requisição: GET http://localhost:8000/metrics
2025-02-12 13:38:55,632 - [INFO] - Resposta: 200
2025-02-12 13:39:10,625 - [INFO] - Recebendo requisição: GET http://localhost:8000/metrics
2025-02-12 13:39:10,628 - [INFO] - Resposta: 200
2025-02-12 13:39:25,637 - [INFO] - Recebendo requisição: GET http://localhost:8000/metrics
2025-02-12 13:39:25,640 - [INFO] - Resposta: 200
2025-02-12 13:39:40,637 - [INFO] - Recebendo requisição: GET http://localhost:8000/metrics
2025-02-12 13:39:40,639 - [INFO] - Resposta: 200
2025-02-12 13:39:55,631 - [INFO] - Recebendo requisição: GET http://localhost:8000/metrics
2025-02-12 13:39:55,633 - [INFO] - Resposta: 200
2025-02-12 13:40:10,630 - [INFO] - Recebendo requisição: GET http://localhost:8000/metrics
2025-02-12 13:40:10,633 - [INFO] - Resposta: 200
2025-02-12 13:40:25,632 - [INFO] - Recebendo requisição: GET http://localhost:8000/metrics
2025-02-12 13:40:25,635 - [INFO] - Resposta: 200
2025-02-12 13:40:40,628 - [INFO] - Recebendo requisição: GET http://localhost:8000/metrics
2025-02-12 13:40:40,629 - [INFO] - Resposta: 200
2025-02-12 13:40:55,627 - [INFO] - Recebendo requisição: GET http://localhost:8000/metrics
2025-02-12 13:40:55,628 - [INFO] - Resposta: 200
2025-02-12 13:41:10,626 - [INFO] - Recebendo requisição: GET http://localhost:8000/metrics
2025-02-12 13:41:10,628 - [INFO] - Resposta: 200
2025-02-12 13:41:25,712 - [INFO] - Recebendo requisição: GET http://localhost:8000/metrics
2025-02-12 13:41:25,714 - [INFO] - Resposta: 200
2025-02-12 13:41:30,490 - [INFO] - Recebendo requisição: GET http://127.0.0.1:8000/api/v1/infra/health
2025-02-12 13:41:33,833 - [INFO] - SELECT DATABASE()
2025-02-12 13:41:33,837 - [INFO] - [raw sql] ()
2025-02-12 13:41:33,859 - [INFO] - SELECT @@sql_mode
2025-02-12 13:41:33,859 - [INFO] - [raw sql] ()
2025-02-12 13:41:33,862 - [INFO] - SELECT @@lower_case_table_names
2025-02-12 13:41:33,862 - [INFO] - [raw sql] ()
2025-02-12 13:41:33,870 - [INFO] - BEGIN (implicit)
2025-02-12 13:41:33,883 - [INFO] - SELECT 1
2025-02-12 13:41:33,884 - [INFO] - [generated in 0.00493s] ()
2025-02-12 13:41:33,904 - [INFO] - ROLLBACK
2025-02-12 13:41:33,909 - [INFO] - Resposta: 200
2025-02-12 13:41:40,638 - [INFO] - Recebendo requisição: GET http://localhost:8000/metrics
2025-02-12 13:41:40,642 - [INFO] - Resposta: 200
2025-02-12 13:41:55,626 - [INFO] - Recebendo requisição: GET http://localhost:8000/metrics
2025-02-12 13:41:55,628 - [INFO] - Resposta: 200
2025-02-12 13:41:55,944 - [INFO] - Recebendo requisição: POST http://127.0.0.1:8000/api/v1/auth/token
2025-02-12 13:41:56,510 - [INFO] - Buscando usuário: admin
2025-02-12 13:41:56,756 - [INFO] - BEGIN (implicit)
2025-02-12 13:41:58,153 - [INFO] - SELECT user.id, user.nome, user.email, user.senha, user.login, user.grupo, user.telefone, user.cargo, user.setor, user.ativo 
FROM user 
WHERE user.login = %s
2025-02-12 13:41:58,153 - [INFO] - [generated in 0.00048s] ('admin',)
2025-02-12 13:41:58,297 - [INFO] - Usuário encontrado: admin
2025-02-12 13:41:58,884 - [INFO] - ROLLBACK
2025-02-12 13:41:58,885 - [INFO] - Recebendo requisição: POST http://127.0.0.1:8000/api/v1/auth/token
2025-02-12 13:41:58,889 - [INFO] - Resposta: 200
2025-02-12 13:41:58,891 - [INFO] - Buscando usuário: admin
2025-02-12 13:41:58,892 - [INFO] - BEGIN (implicit)
2025-02-12 13:41:58,893 - [INFO] - SELECT user.id, user.nome, user.email, user.senha, user.login, user.grupo, user.telefone, user.cargo, user.setor, user.ativo 
FROM user 
WHERE user.login = %s
2025-02-12 13:41:58,893 - [INFO] - [cached since 0.7403s ago] ('admin',)
2025-02-12 13:41:58,896 - [INFO] - Usuário encontrado: admin
2025-02-12 13:41:59,287 - [INFO] - ROLLBACK
2025-02-12 13:41:59,293 - [INFO] - Resposta: 200
2025-02-12 13:42:10,628 - [INFO] - Recebendo requisição: GET http://localhost:8000/metrics
2025-02-12 13:42:10,632 - [INFO] - Resposta: 200
2025-02-12 13:42:11,745 - [INFO] - Recebendo requisição: GET http://127.0.0.1:8000/api/v1/users/
2025-02-12 13:42:11,751 - [INFO] - BEGIN (implicit)
2025-02-12 13:42:11,753 - [INFO] - SELECT user.id, user.nome, user.email, user.senha, user.login, user.grupo, user.telefone, user.cargo, user.setor, user.ativo 
FROM user
2025-02-12 13:42:11,753 - [INFO] - [generated in 0.00054s] ()
2025-02-12 13:42:11,799 - [INFO] - ROLLBACK
2025-02-12 13:42:11,800 - [INFO] - Resposta: 200
2025-02-12 13:42:25,628 - [INFO] - Recebendo requisição: GET http://localhost:8000/metrics
2025-02-12 13:42:25,752 - [INFO] - Resposta: 200
2025-02-12 13:42:40,631 - [INFO] - Recebendo requisição: GET http://localhost:8000/metrics
2025-02-12 13:42:40,635 - [INFO] - Resposta: 200
2025-02-12 13:42:55,632 - [INFO] - Recebendo requisição: GET http://localhost:8000/metrics
2025-02-12 13:42:55,636 - [INFO] - Resposta: 200
2025-02-12 13:43:10,630 - [INFO] - Recebendo requisição: GET http://localhost:8000/metrics
2025-02-12 13:43:10,633 - [INFO] - Resposta: 200
2025-02-12 13:43:25,646 - [INFO] - Recebendo requisição: GET http://localhost:8000/metrics
2025-02-12 13:43:25,656 - [INFO] - Resposta: 200
2025-02-12 13:43:40,637 - [INFO] - Recebendo requisição: GET http://localhost:8000/metrics
2025-02-12 13:43:40,640 - [INFO] - Resposta: 200
2025-02-12 13:43:55,628 - [INFO] - Recebendo requisição: GET http://localhost:8000/metrics
2025-02-12 13:43:55,632 - [INFO] - Resposta: 200
2025-02-12 13:44:10,630 - [INFO] - Recebendo requisição: GET http://localhost:8000/metrics
2025-02-12 13:44:10,634 - [INFO] - Resposta: 200
2025-02-12 13:44:25,627 - [INFO] - Recebendo requisição: GET http://localhost:8000/metrics
2025-02-12 13:44:25,629 - [INFO] - Resposta: 200
2025-02-12 13:44:40,630 - [INFO] - Recebendo requisição: GET http://localhost:8000/metrics
2025-02-12 13:44:40,633 - [INFO] - Resposta: 200
2025-02-12 13:44:55,701 - [INFO] - Recebendo requisição: GET http://localhost:8000/metrics
2025-02-12 13:44:55,704 - [INFO] - Resposta: 200
2025-02-12 13:45:10,630 - [INFO] - Recebendo requisição: GET http://localhost:8000/metrics
2025-02-12 13:45:10,633 - [INFO] - Resposta: 200
2025-02-12 13:45:25,629 - [INFO] - Recebendo requisição: GET http://localhost:8000/metrics
2025-02-12 13:45:25,633 - [INFO] - Resposta: 200
2025-02-12 13:45:40,630 - [INFO] - Recebendo requisição: GET http://localhost:8000/metrics
2025-02-12 13:45:40,632 - [INFO] - Resposta: 200
2025-02-12 13:45:55,631 - [INFO] - Recebendo requisição: GET http://localhost:8000/metrics
2025-02-12 13:45:55,634 - [INFO] - Resposta: 200
2025-02-12 13:46:10,629 - [INFO] - Recebendo requisição: GET http://localhost:8000/metrics
2025-02-12 13:46:10,633 - [INFO] - Resposta: 200
2025-02-12 13:46:25,826 - [INFO] - Recebendo requisição: GET http://localhost:8000/metrics
2025-02-12 13:46:25,830 - [INFO] - Resposta: 200
2025-02-12 13:46:40,630 - [INFO] - Recebendo requisição: GET http://localhost:8000/metrics
2025-02-12 13:46:40,632 - [INFO] - Resposta: 200
2025-02-12 13:46:55,648 - [INFO] - Recebendo requisição: GET http://localhost:8000/metrics
2025-02-12 13:46:55,653 - [INFO] - Resposta: 200
2025-02-12 13:47:10,633 - [INFO] - Recebendo requisição: GET http://localhost:8000/metrics
2025-02-12 13:47:10,639 - [INFO] - Resposta: 200
2025-02-12 13:47:25,634 - [INFO] - Recebendo requisição: GET http://localhost:8000/metrics
2025-02-12 13:47:25,636 - [INFO] - Resposta: 200
2025-02-12 13:47:40,635 - [INFO] - Recebendo requisição: GET http://localhost:8000/metrics
2025-02-12 13:47:40,638 - [INFO] - Resposta: 200
2025-02-12 13:47:55,633 - [INFO] - Recebendo requisição: GET http://localhost:8000/metrics
2025-02-12 13:47:55,635 - [INFO] - Resposta: 200
2025-02-12 13:48:10,632 - [INFO] - Recebendo requisição: GET http://localhost:8000/metrics
2025-02-12 13:48:10,638 - [INFO] - Resposta: 200
2025-02-12 13:48:25,632 - [INFO] - Recebendo requisição: GET http://localhost:8000/metrics
2025-02-12 13:48:25,635 - [INFO] - Resposta: 200
2025-02-12 13:48:40,629 - [INFO] - Recebendo requisição: GET http://localhost:8000/metrics
2025-02-12 13:48:40,631 - [INFO] - Resposta: 200
2025-02-12 13:48:55,628 - [INFO] - Recebendo requisição: GET http://localhost:8000/metrics
2025-02-12 13:48:55,631 - [INFO] - Resposta: 200
2025-02-12 13:49:10,627 - [INFO] - Recebendo requisição: GET http://localhost:8000/metrics
2025-02-12 13:49:10,629 - [INFO] - Resposta: 200
2025-02-12 13:49:25,629 - [INFO] - Recebendo requisição: GET http://localhost:8000/metrics
2025-02-12 13:49:25,633 - [INFO] - Resposta: 200
2025-02-12 13:49:40,643 - [INFO] - Recebendo requisição: GET http://localhost:8000/metrics
2025-02-12 13:49:40,647 - [INFO] - Resposta: 200
2025-02-12 13:49:55,627 - [INFO] - Recebendo requisição: GET http://localhost:8000/metrics
2025-02-12 13:49:55,629 - [INFO] - Resposta: 200
2025-02-12 13:50:10,628 - [INFO] - Recebendo requisição: GET http://localhost:8000/metrics
2025-02-12 13:50:10,630 - [INFO] - Resposta: 200
2025-02-12 13:50:25,653 - [INFO] - Recebendo requisição: GET http://localhost:8000/metrics
2025-02-12 13:50:25,658 - [INFO] - Resposta: 200
2025-02-12 13:50:40,634 - [INFO] - Recebendo requisição: GET http://localhost:8000/metrics
2025-02-12 13:50:40,636 - [INFO] - Resposta: 200
2025-02-12 13:50:55,632 - [INFO] - Recebendo requisição: GET http://localhost:8000/metrics
2025-02-12 13:50:55,634 - [INFO] - Resposta: 200
2025-02-12 13:51:10,627 - [INFO] - Recebendo requisição: GET http://localhost:8000/metrics
2025-02-12 13:51:10,630 - [INFO] - Resposta: 200
2025-02-12 13:51:25,634 - [INFO] - Recebendo requisição: GET http://localhost:8000/metrics
2025-02-12 13:51:25,639 - [INFO] - Resposta: 200
2025-02-12 13:51:40,628 - [INFO] - Recebendo requisição: GET http://localhost:8000/metrics
2025-02-12 13:51:40,631 - [INFO] - Resposta: 200
2025-02-12 13:51:55,626 - [INFO] - Recebendo requisição: GET http://localhost:8000/metrics
2025-02-12 13:51:55,629 - [INFO] - Resposta: 200
2025-02-12 13:52:10,649 - [INFO] - Recebendo requisição: GET http://localhost:8000/metrics
2025-02-12 13:52:10,651 - [INFO] - Resposta: 200
2025-02-12 13:52:25,631 - [INFO] - Recebendo requisição: GET http://localhost:8000/metrics
2025-02-12 13:52:25,634 - [INFO] - Resposta: 200
2025-02-12 13:52:40,629 - [INFO] - Recebendo requisição: GET http://localhost:8000/metrics
2025-02-12 13:52:40,632 - [INFO] - Resposta: 200
2025-02-12 13:52:55,631 - [INFO] - Recebendo requisição: GET http://localhost:8000/metrics
2025-02-12 13:52:55,634 - [INFO] - Resposta: 200
2025-02-12 13:53:10,629 - [INFO] - Recebendo requisição: GET http://localhost:8000/metrics
2025-02-12 13:53:10,632 - [INFO] - Resposta: 200
2025-02-12 13:53:25,627 - [INFO] - Recebendo requisição: GET http://localhost:8000/metrics
2025-02-12 13:53:25,629 - [INFO] - Resposta: 200
2025-02-12 13:53:40,630 - [INFO] - Recebendo requisição: GET http://localhost:8000/metrics
2025-02-12 13:53:40,633 - [INFO] - Resposta: 200
2025-02-12 13:53:55,629 - [INFO] - Recebendo requisição: GET http://localhost:8000/metrics
2025-02-12 13:53:55,630 - [INFO] - Resposta: 200
2025-02-12 13:54:10,646 - [INFO] - Recebendo requisição: GET http://localhost:8000/metrics
2025-02-12 13:54:10,649 - [INFO] - Resposta: 200
2025-02-12 13:54:25,646 - [INFO] - Recebendo requisição: GET http://localhost:8000/metrics
2025-02-12 13:54:25,650 - [INFO] - Resposta: 200
2025-02-12 13:54:40,687 - [INFO] - Recebendo requisição: GET http://localhost:8000/metrics
2025-02-12 13:54:40,694 - [INFO] - Resposta: 200
2025-02-12 13:54:55,640 - [INFO] - Recebendo requisição: GET http://localhost:8000/metrics
2025-02-12 13:54:55,646 - [INFO] - Resposta: 200
2025-02-12 13:55:10,664 - [INFO] - Recebendo requisição: GET http://localhost:8000/metrics
2025-02-12 13:55:10,667 - [INFO] - Resposta: 200
2025-02-12 13:55:25,627 - [INFO] - Recebendo requisição: GET http://localhost:8000/metrics
2025-02-12 13:55:25,629 - [INFO] - Resposta: 200
2025-02-12 13:55:40,627 - [INFO] - Recebendo requisição: GET http://localhost:8000/metrics
2025-02-12 13:55:40,629 - [INFO] - Resposta: 200
2025-02-12 13:55:55,634 - [INFO] - Recebendo requisição: GET http://localhost:8000/metrics
2025-02-12 13:55:55,637 - [INFO] - Resposta: 200
2025-02-12 13:56:10,626 - [INFO] - Recebendo requisição: GET http://localhost:8000/metrics
2025-02-12 13:56:10,629 - [INFO] - Resposta: 200
2025-02-12 13:56:25,626 - [INFO] - Recebendo requisição: GET http://localhost:8000/metrics
2025-02-12 13:56:25,628 - [INFO] - Resposta: 200
2025-02-12 13:56:40,639 - [INFO] - Recebendo requisição: GET http://localhost:8000/metrics
2025-02-12 13:56:40,644 - [INFO] - Resposta: 200
2025-02-12 13:56:55,642 - [INFO] - Recebendo requisição: GET http://localhost:8000/metrics
2025-02-12 13:56:55,667 - [INFO] - Resposta: 200
2025-02-12 13:57:10,629 - [INFO] - Recebendo requisição: GET http://localhost:8000/metrics
2025-02-12 13:57:10,633 - [INFO] - Resposta: 200
2025-02-12 13:57:25,625 - [INFO] - Recebendo requisição: GET http://localhost:8000/metrics
2025-02-12 13:57:26,273 - [INFO] - Resposta: 200
2025-02-12 13:57:40,640 - [INFO] - Recebendo requisição: GET http://localhost:8000/metrics
2025-02-12 13:57:40,644 - [INFO] - Resposta: 200
2025-02-12 13:57:55,640 - [INFO] - Recebendo requisição: GET http://localhost:8000/metrics
2025-02-12 13:57:55,645 - [INFO] - Resposta: 200
2025-02-12 13:58:10,842 - [INFO] - Recebendo requisição: GET http://localhost:8000/metrics
2025-02-12 13:58:10,847 - [INFO] - Resposta: 200
2025-02-12 13:58:25,631 - [INFO] - Recebendo requisição: GET http://localhost:8000/metrics
2025-02-12 13:58:25,643 - [INFO] - Resposta: 200
2025-02-12 13:58:40,628 - [INFO] - Recebendo requisição: GET http://localhost:8000/metrics
2025-02-12 13:58:40,633 - [INFO] - Resposta: 200
2025-02-12 13:58:55,631 - [INFO] - Recebendo requisição: GET http://localhost:8000/metrics
2025-02-12 13:58:55,997 - [INFO] - Resposta: 200
2025-02-12 13:59:10,629 - [INFO] - Recebendo requisição: GET http://localhost:8000/metrics
2025-02-12 13:59:10,632 - [INFO] - Resposta: 200
2025-02-12 13:59:25,741 - [INFO] - Recebendo requisição: GET http://localhost:8000/metrics
2025-02-12 13:59:25,746 - [INFO] - Resposta: 200
2025-02-12 13:59:40,632 - [INFO] - Recebendo requisição: GET http://localhost:8000/metrics
2025-02-12 13:59:40,636 - [INFO] - Resposta: 200
2025-02-12 13:59:55,640 - [INFO] - Recebendo requisição: GET http://localhost:8000/metrics
2025-02-12 13:59:55,644 - [INFO] - Resposta: 200
2025-02-12 14:00:10,627 - [INFO] - Recebendo requisição: GET http://localhost:8000/metrics
2025-02-12 14:00:10,630 - [INFO] - Resposta: 200
2025-02-12 14:00:25,707 - [INFO] - Recebendo requisição: GET http://localhost:8000/metrics
2025-02-12 14:00:25,713 - [INFO] - Resposta: 200
2025-02-12 14:00:40,629 - [INFO] - Recebendo requisição: GET http://localhost:8000/metrics
2025-02-12 14:00:40,632 - [INFO] - Resposta: 200
2025-02-12 14:00:55,780 - [INFO] - Recebendo requisição: GET http://localhost:8000/metrics
2025-02-12 14:00:55,783 - [INFO] - Resposta: 200
2025-02-12 14:01:10,634 - [INFO] - Recebendo requisição: GET http://localhost:8000/metrics
2025-02-12 14:01:10,638 - [INFO] - Resposta: 200
2025-02-12 14:01:25,732 - [INFO] - Recebendo requisição: GET http://localhost:8000/metrics
2025-02-12 14:01:25,736 - [INFO] - Resposta: 200
2025-02-12 14:01:40,629 - [INFO] - Recebendo requisição: GET http://localhost:8000/metrics
2025-02-12 14:01:40,630 - [INFO] - Resposta: 200
2025-02-12 14:01:55,627 - [INFO] - Recebendo requisição: GET http://localhost:8000/metrics
2025-02-12 14:01:55,796 - [INFO] - Resposta: 200
2025-02-12 14:02:10,627 - [INFO] - Recebendo requisição: GET http://localhost:8000/metrics
2025-02-12 14:02:10,632 - [INFO] - Resposta: 200
2025-02-12 14:02:25,631 - [INFO] - Recebendo requisição: GET http://localhost:8000/metrics
2025-02-12 14:02:25,634 - [INFO] - Resposta: 200
2025-02-12 14:02:40,627 - [INFO] - Recebendo requisição: GET http://localhost:8000/metrics
2025-02-12 14:02:40,630 - [INFO] - Resposta: 200
2025-02-12 14:02:55,626 - [INFO] - Recebendo requisição: GET http://localhost:8000/metrics
2025-02-12 14:02:55,630 - [INFO] - Resposta: 200
2025-02-12 14:03:10,629 - [INFO] - Recebendo requisição: GET http://localhost:8000/metrics
2025-02-12 14:03:10,631 - [INFO] - Resposta: 200
2025-02-12 14:03:25,657 - [INFO] - Recebendo requisição: GET http://localhost:8000/metrics
2025-02-12 14:03:25,908 - [INFO] - Resposta: 200
2025-02-12 14:03:40,639 - [INFO] - Recebendo requisição: GET http://localhost:8000/metrics
2025-02-12 14:03:40,642 - [INFO] - Resposta: 200
2025-02-12 14:03:55,631 - [INFO] - Recebendo requisição: GET http://localhost:8000/metrics
2025-02-12 14:03:55,634 - [INFO] - Resposta: 200
2025-02-12 14:04:10,654 - [INFO] - Recebendo requisição: GET http://localhost:8000/metrics
2025-02-12 14:04:10,658 - [INFO] - Resposta: 200
2025-02-12 14:04:25,680 - [INFO] - Recebendo requisição: GET http://localhost:8000/metrics
2025-02-12 14:04:25,683 - [INFO] - Resposta: 200
2025-02-12 14:04:40,630 - [INFO] - Recebendo requisição: GET http://localhost:8000/metrics
2025-02-12 14:04:40,634 - [INFO] - Resposta: 200
2025-02-12 14:04:55,628 - [INFO] - Recebendo requisição: GET http://localhost:8000/metrics
2025-02-12 14:04:55,630 - [INFO] - Resposta: 200
2025-02-12 14:05:10,628 - [INFO] - Recebendo requisição: GET http://localhost:8000/metrics
2025-02-12 14:05:10,630 - [INFO] - Resposta: 200
2025-02-12 14:05:25,629 - [INFO] - Recebendo requisição: GET http://localhost:8000/metrics
2025-02-12 14:05:25,632 - [INFO] - Resposta: 200
2025-02-12 14:05:40,628 - [INFO] - Recebendo requisição: GET http://localhost:8000/metrics
2025-02-12 14:05:40,631 - [INFO] - Resposta: 200
2025-02-12 14:05:55,870 - [INFO] - Recebendo requisição: GET http://localhost:8000/metrics
2025-02-12 14:05:55,874 - [INFO] - Resposta: 200
2025-02-12 14:06:10,628 - [INFO] - Recebendo requisição: GET http://localhost:8000/metrics
2025-02-12 14:06:10,631 - [INFO] - Resposta: 200
2025-02-12 14:06:25,630 - [INFO] - Recebendo requisição: GET http://localhost:8000/metrics
2025-02-12 14:06:25,632 - [INFO] - Resposta: 200
2025-02-12 14:06:40,628 - [INFO] - Recebendo requisição: GET http://localhost:8000/metrics
2025-02-12 14:06:40,631 - [INFO] - Resposta: 200
2025-02-12 14:06:55,630 - [INFO] - Recebendo requisição: GET http://localhost:8000/metrics
2025-02-12 14:06:55,632 - [INFO] - Resposta: 200
2025-02-12 14:07:10,628 - [INFO] - Recebendo requisição: GET http://localhost:8000/metrics
2025-02-12 14:07:10,630 - [INFO] - Resposta: 200
2025-02-12 14:07:25,628 - [INFO] - Recebendo requisição: GET http://localhost:8000/metrics
2025-02-12 14:07:25,631 - [INFO] - Resposta: 200
2025-02-12 14:07:40,633 - [INFO] - Recebendo requisição: GET http://localhost:8000/metrics
2025-02-12 14:07:40,636 - [INFO] - Resposta: 200
2025-02-12 14:07:55,629 - [INFO] - Recebendo requisição: GET http://localhost:8000/metrics
2025-02-12 14:07:55,632 - [INFO] - Resposta: 200
2025-02-12 14:08:10,627 - [INFO] - Recebendo requisição: GET http://localhost:8000/metrics
2025-02-12 14:08:10,628 - [INFO] - Resposta: 200
2025-02-12 14:08:25,629 - [INFO] - Recebendo requisição: GET http://localhost:8000/metrics
2025-02-12 14:08:25,632 - [INFO] - Resposta: 200
2025-02-12 14:08:40,628 - [INFO] - Recebendo requisição: GET http://localhost:8000/metrics
2025-02-12 14:08:40,629 - [INFO] - Resposta: 200
2025-02-12 14:08:55,634 - [INFO] - Recebendo requisição: GET http://localhost:8000/metrics
2025-02-12 14:08:55,637 - [INFO] - Resposta: 200
2025-02-12 14:09:10,628 - [INFO] - Recebendo requisição: GET http://localhost:8000/metrics
2025-02-12 14:09:10,630 - [INFO] - Resposta: 200
2025-02-12 14:09:25,631 - [INFO] - Recebendo requisição: GET http://localhost:8000/metrics
2025-02-12 14:09:25,634 - [INFO] - Resposta: 200
2025-02-12 14:09:40,628 - [INFO] - Recebendo requisição: GET http://localhost:8000/metrics
2025-02-12 14:09:40,630 - [INFO] - Resposta: 200
2025-02-12 14:09:55,640 - [INFO] - Recebendo requisição: GET http://localhost:8000/metrics
2025-02-12 14:09:55,643 - [INFO] - Resposta: 200
2025-02-12 14:10:10,626 - [INFO] - Recebendo requisição: GET http://localhost:8000/metrics
2025-02-12 14:10:10,628 - [INFO] - Resposta: 200
2025-02-12 14:10:25,635 - [INFO] - Recebendo requisição: GET http://localhost:8000/metrics
2025-02-12 14:10:25,640 - [INFO] - Resposta: 200
2025-02-12 14:10:40,629 - [INFO] - Recebendo requisição: GET http://localhost:8000/metrics
2025-02-12 14:10:40,921 - [INFO] - Resposta: 200
2025-02-12 14:10:55,631 - [INFO] - Recebendo requisição: GET http://localhost:8000/metrics
2025-02-12 14:10:55,633 - [INFO] - Resposta: 200
2025-02-12 14:11:10,744 - [INFO] - Recebendo requisição: GET http://localhost:8000/metrics
2025-02-12 14:11:10,748 - [INFO] - Resposta: 200
2025-02-12 14:11:25,631 - [INFO] - Recebendo requisição: GET http://localhost:8000/metrics
2025-02-12 14:11:25,634 - [INFO] - Resposta: 200
2025-02-12 14:11:41,819 - [INFO] - Recebendo requisição: GET http://localhost:8000/metrics
2025-02-12 14:11:41,823 - [INFO] - Resposta: 200
2025-02-12 14:11:55,867 - [INFO] - Recebendo requisição: GET http://localhost:8000/metrics
2025-02-12 14:11:55,872 - [INFO] - Resposta: 200
2025-02-12 14:12:10,628 - [INFO] - Recebendo requisição: GET http://localhost:8000/metrics
2025-02-12 14:12:10,633 - [INFO] - Resposta: 200
2025-02-12 14:12:25,633 - [INFO] - Recebendo requisição: GET http://localhost:8000/metrics
2025-02-12 14:12:25,638 - [INFO] - Resposta: 200
2025-02-12 14:12:40,657 - [INFO] - Recebendo requisição: GET http://localhost:8000/metrics
2025-02-12 14:12:40,662 - [INFO] - Resposta: 200
2025-02-12 14:12:55,637 - [INFO] - Recebendo requisição: GET http://localhost:8000/metrics
2025-02-12 14:12:55,640 - [INFO] - Resposta: 200
2025-02-12 14:13:10,681 - [INFO] - Recebendo requisição: GET http://localhost:8000/metrics
2025-02-12 14:13:10,728 - [INFO] - Resposta: 200
2025-02-12 14:13:26,589 - [INFO] - Recebendo requisição: GET http://localhost:8000/metrics
2025-02-12 14:13:27,013 - [INFO] - Resposta: 200
2025-02-12 14:13:40,631 - [INFO] - Recebendo requisição: GET http://localhost:8000/metrics
2025-02-12 14:13:40,634 - [INFO] - Resposta: 200
2025-02-12 14:13:55,629 - [INFO] - Recebendo requisição: GET http://localhost:8000/metrics
2025-02-12 14:13:55,633 - [INFO] - Resposta: 200
2025-02-12 14:14:10,645 - [INFO] - Recebendo requisição: GET http://localhost:8000/metrics
2025-02-12 14:14:10,650 - [INFO] - Resposta: 200
2025-02-12 14:14:25,629 - [INFO] - Recebendo requisição: GET http://localhost:8000/metrics
2025-02-12 14:14:25,632 - [INFO] - Resposta: 200
2025-02-12 14:14:40,631 - [INFO] - Recebendo requisição: GET http://localhost:8000/metrics
2025-02-12 14:14:40,634 - [INFO] - Resposta: 200
2025-02-12 14:14:55,632 - [INFO] - Recebendo requisição: GET http://localhost:8000/metrics
2025-02-12 14:14:55,635 - [INFO] - Resposta: 200
2025-02-12 14:15:10,643 - [INFO] - Recebendo requisição: GET http://localhost:8000/metrics
2025-02-12 14:15:10,647 - [INFO] - Resposta: 200
2025-02-12 14:15:25,642 - [INFO] - Recebendo requisição: GET http://localhost:8000/metrics
2025-02-12 14:15:25,647 - [INFO] - Resposta: 200
2025-02-12 14:15:40,641 - [INFO] - Recebendo requisição: GET http://localhost:8000/metrics
2025-02-12 14:15:40,646 - [INFO] - Resposta: 200
2025-02-12 14:15:55,640 - [INFO] - Recebendo requisição: GET http://localhost:8000/metrics
2025-02-12 14:15:55,643 - [INFO] - Resposta: 200
2025-02-12 14:16:10,790 - [INFO] - Recebendo requisição: GET http://localhost:8000/metrics
2025-02-12 14:16:10,796 - [INFO] - Resposta: 200
2025-02-12 14:16:25,626 - [INFO] - Recebendo requisição: GET http://localhost:8000/metrics
2025-02-12 14:16:25,630 - [INFO] - Resposta: 200
2025-02-12 14:16:40,631 - [INFO] - Recebendo requisição: GET http://localhost:8000/metrics
2025-02-12 14:16:40,635 - [INFO] - Resposta: 200
2025-02-12 14:16:55,629 - [INFO] - Recebendo requisição: GET http://localhost:8000/metrics
2025-02-12 14:16:55,661 - [INFO] - Resposta: 200
2025-02-12 14:17:10,632 - [INFO] - Recebendo requisição: GET http://localhost:8000/metrics
2025-02-12 14:17:10,635 - [INFO] - Resposta: 200
2025-02-12 14:17:25,638 - [INFO] - Recebendo requisição: GET http://localhost:8000/metrics
2025-02-12 14:17:25,644 - [INFO] - Resposta: 200
2025-02-12 14:17:40,633 - [INFO] - Recebendo requisição: GET http://localhost:8000/metrics
2025-02-12 14:17:40,639 - [INFO] - Resposta: 200
2025-02-12 14:17:55,631 - [INFO] - Recebendo requisição: GET http://localhost:8000/metrics
2025-02-12 14:17:55,633 - [INFO] - Resposta: 200
2025-02-12 14:18:10,799 - [INFO] - Recebendo requisição: GET http://localhost:8000/metrics
2025-02-12 14:18:10,903 - [INFO] - Resposta: 200
2025-02-12 14:18:25,647 - [INFO] - Recebendo requisição: GET http://localhost:8000/metrics
2025-02-12 14:18:25,661 - [INFO] - Resposta: 200
2025-02-12 14:18:40,687 - [INFO] - Recebendo requisição: GET http://localhost:8000/metrics
2025-02-12 14:18:40,694 - [INFO] - Resposta: 200
2025-02-12 14:18:55,639 - [INFO] - Recebendo requisição: GET http://localhost:8000/metrics
2025-02-12 14:18:55,641 - [INFO] - Resposta: 200
2025-02-12 14:19:10,627 - [INFO] - Recebendo requisição: GET http://localhost:8000/metrics
2025-02-12 14:19:10,655 - [INFO] - Resposta: 200
2025-02-12 14:19:25,662 - [INFO] - Recebendo requisição: GET http://localhost:8000/metrics
2025-02-12 14:19:25,664 - [INFO] - Resposta: 200
2025-02-12 14:19:40,629 - [INFO] - Recebendo requisição: GET http://localhost:8000/metrics
2025-02-12 14:19:40,632 - [INFO] - Resposta: 200
2025-02-12 14:19:55,636 - [INFO] - Recebendo requisição: GET http://localhost:8000/metrics
2025-02-12 14:19:55,638 - [INFO] - Resposta: 200
2025-02-12 14:20:11,412 - [INFO] - Recebendo requisição: GET http://localhost:8000/metrics
2025-02-12 14:20:11,420 - [INFO] - Resposta: 200
2025-02-12 14:36:46,210 - [INFO] - 1 change detected
2025-02-12 14:37:10,525 - [INFO] - 1 change detected
2025-02-12 14:45:17,682 - [INFO] - Recebendo requisição: GET http://127.0.0.1:8000/
2025-02-12 14:45:17,688 - [INFO] - Resposta: 200
2025-02-12 14:45:29,216 - [INFO] - Recebendo requisição: GET http://127.0.0.1:8000/docs
2025-02-12 14:45:29,218 - [INFO] - Resposta: 200
2025-02-12 14:45:30,795 - [INFO] - Recebendo requisição: GET http://127.0.0.1:8000/openapi.json
2025-02-12 14:45:30,929 - [INFO] - Resposta: 200
2025-02-12 14:46:58,167 - [INFO] - 4 changes detected
2025-02-12 14:47:26,665 - [INFO] - Recebendo requisição: GET http://127.0.0.1:8000/docs
2025-02-12 14:47:26,703 - [INFO] - Resposta: 200
2025-02-12 14:47:26,837 - [INFO] - Recebendo requisição: GET http://127.0.0.1:8000/openapi.json
2025-02-12 14:47:26,983 - [INFO] - Resposta: 200
2025-02-12 14:47:36,355 - [INFO] - Recebendo requisição: GET http://127.0.0.1:8000/api/v1/user-acessorias/
2025-02-12 14:47:36,483 - [INFO] - SELECT DATABASE()
2025-02-12 14:47:36,483 - [INFO] - [raw sql] ()
2025-02-12 14:47:36,494 - [INFO] - SELECT @@sql_mode
2025-02-12 14:47:36,494 - [INFO] - [raw sql] ()
2025-02-12 14:47:36,497 - [INFO] - SELECT @@lower_case_table_names
2025-02-12 14:47:36,497 - [INFO] - [raw sql] ()
2025-02-12 14:47:36,500 - [INFO] - BEGIN (implicit)
2025-02-12 14:47:36,524 - [INFO] - SELECT user_acessorias_config.id, user_acessorias_config.usuario_id, user_acessorias_config.login, user_acessorias_config.senha 
FROM user_acessorias_config
2025-02-12 14:47:36,524 - [INFO] - [generated in 0.00039s] ()
2025-02-12 14:47:36,617 - [INFO] - ROLLBACK
2025-02-12 14:47:36,620 - [INFO] - Resposta: 200
2025-02-12 14:47:57,808 - [INFO] - Recebendo requisição: GET http://127.0.0.1:8000/api/v1/user-acessorias/1
2025-02-12 14:47:57,811 - [INFO] - BEGIN (implicit)
2025-02-12 14:47:57,814 - [INFO] - SELECT user_acessorias_config.id AS user_acessorias_config_id, user_acessorias_config.usuario_id AS user_acessorias_config_usuario_id, user_acessorias_config.login AS user_acessorias_config_login, user_acessorias_config.senha AS user_acessorias_config_senha 
FROM user_acessorias_config 
WHERE user_acessorias_config.id = %s
2025-02-12 14:47:57,814 - [INFO] - [generated in 0.00051s] (1,)
2025-02-12 14:47:57,843 - [INFO] - ROLLBACK
2025-02-12 14:47:57,844 - [INFO] - Resposta: 200
2025-02-12 14:48:24,873 - [INFO] - 1 change detected
2025-02-12 14:48:35,816 - [INFO] - 1 change detected
2025-02-12 14:49:51,981 - [INFO] - 4 changes detected
2025-02-12 14:51:13,044 - [INFO] - Recebendo requisição: GET http://127.0.0.1:8000/docs
2025-02-12 14:51:13,045 - [INFO] - Resposta: 200
2025-02-12 14:51:13,570 - [INFO] - Recebendo requisição: GET http://127.0.0.1:8000/openapi.json
2025-02-12 14:51:13,573 - [INFO] - Resposta: 200
2025-02-12 14:51:40,092 - [INFO] - Recebendo requisição: GET http://127.0.0.1:8000/docs
2025-02-12 14:51:40,163 - [INFO] - Resposta: 200
2025-02-12 14:51:40,367 - [INFO] - Recebendo requisição: GET http://127.0.0.1:8000/openapi.json
2025-02-12 14:51:40,517 - [INFO] - Resposta: 200
2025-02-12 14:51:58,710 - [INFO] - Recebendo requisição: GET http://127.0.0.1:8000/metrics
2025-02-12 14:51:58,718 - [INFO] - Resposta: 200
2025-02-12 15:14:53,072 - [INFO] - Recebendo requisição: GET http://127.0.0.1:8000/docs
2025-02-12 15:14:53,075 - [INFO] - Resposta: 200
2025-02-12 15:14:53,197 - [INFO] - Recebendo requisição: GET http://127.0.0.1:8000/openapi.json
2025-02-12 15:14:53,311 - [INFO] - Resposta: 200
2025-02-12 15:15:02,573 - [INFO] - Recebendo requisição: GET http://127.0.0.1:8000/api/v1/user-acessorias/
2025-02-12 15:15:02,577 - [ERROR] - Erro inesperado: __init__() takes 1 positional argument but 2 were given
Traceback (most recent call last):
  File "C:\Users\ac-010.ALCANCE\Documents\Projetos\WebApiAlcance\venv\Lib\site-packages\anyio\streams\memory.py", line 111, in receive
    return self.receive_nowait()
           ^^^^^^^^^^^^^^^^^^^^^
  File "C:\Users\ac-010.ALCANCE\Documents\Projetos\WebApiAlcance\venv\Lib\site-packages\anyio\streams\memory.py", line 106, in receive_nowait
    raise WouldBlock
anyio.WouldBlock

During handling of the above exception, another exception occurred:

Traceback (most recent call last):
  File "C:\Users\ac-010.ALCANCE\Documents\Projetos\WebApiAlcance\venv\Lib\site-packages\anyio\streams\memory.py", line 124, in receive
    return receiver.item
           ^^^^^^^^^^^^^
AttributeError: 'MemoryObjectItemReceiver' object has no attribute 'item'

During handling of the above exception, another exception occurred:

Traceback (most recent call last):
  File "C:\Users\ac-010.ALCANCE\Documents\Projetos\WebApiAlcance\venv\Lib\site-packages\starlette\middleware\base.py", line 148, in call_next
    message = await recv_stream.receive()
              ^^^^^^^^^^^^^^^^^^^^^^^^^^^
  File "C:\Users\ac-010.ALCANCE\Documents\Projetos\WebApiAlcance\venv\Lib\site-packages\anyio\streams\memory.py", line 126, in receive
    raise EndOfStream
anyio.EndOfStream

During handling of the above exception, another exception occurred:

Traceback (most recent call last):
  File "C:\Users\ac-010.ALCANCE\Documents\Projetos\WebApiAlcance\app\infra\middleware.py", line 13, in dispatch
    response = await call_next(request)
               ^^^^^^^^^^^^^^^^^^^^^^^^
  File "C:\Users\ac-010.ALCANCE\Documents\Projetos\WebApiAlcance\venv\Lib\site-packages\starlette\middleware\base.py", line 154, in call_next
    raise app_exc
  File "C:\Users\ac-010.ALCANCE\Documents\Projetos\WebApiAlcance\venv\Lib\site-packages\starlette\middleware\base.py", line 141, in coro
    await self.app(scope, receive_or_disconnect, send_no_error)
  File "C:\Users\ac-010.ALCANCE\Documents\Projetos\WebApiAlcance\venv\Lib\site-packages\prometheus_fastapi_instrumentator\middleware.py", line 174, in __call__
    raise exc
  File "C:\Users\ac-010.ALCANCE\Documents\Projetos\WebApiAlcance\venv\Lib\site-packages\prometheus_fastapi_instrumentator\middleware.py", line 172, in __call__
    await self.app(scope, receive, send_wrapper)
  File "C:\Users\ac-010.ALCANCE\Documents\Projetos\WebApiAlcance\venv\Lib\site-packages\starlette\middleware\exceptions.py", line 62, in __call__
    await wrap_app_handling_exceptions(self.app, conn)(scope, receive, send)
  File "C:\Users\ac-010.ALCANCE\Documents\Projetos\WebApiAlcance\venv\Lib\site-packages\starlette\_exception_handler.py", line 53, in wrapped_app
    raise exc
  File "C:\Users\ac-010.ALCANCE\Documents\Projetos\WebApiAlcance\venv\Lib\site-packages\starlette\_exception_handler.py", line 42, in wrapped_app
    await app(scope, receive, sender)
  File "C:\Users\ac-010.ALCANCE\Documents\Projetos\WebApiAlcance\venv\Lib\site-packages\starlette\routing.py", line 715, in __call__
    await self.middleware_stack(scope, receive, send)
  File "C:\Users\ac-010.ALCANCE\Documents\Projetos\WebApiAlcance\venv\Lib\site-packages\starlette\routing.py", line 735, in app
    await route.handle(scope, receive, send)
  File "C:\Users\ac-010.ALCANCE\Documents\Projetos\WebApiAlcance\venv\Lib\site-packages\starlette\routing.py", line 288, in handle
    await self.app(scope, receive, send)
  File "C:\Users\ac-010.ALCANCE\Documents\Projetos\WebApiAlcance\venv\Lib\site-packages\starlette\routing.py", line 76, in app
    await wrap_app_handling_exceptions(app, request)(scope, receive, send)
  File "C:\Users\ac-010.ALCANCE\Documents\Projetos\WebApiAlcance\venv\Lib\site-packages\starlette\_exception_handler.py", line 53, in wrapped_app
    raise exc
  File "C:\Users\ac-010.ALCANCE\Documents\Projetos\WebApiAlcance\venv\Lib\site-packages\starlette\_exception_handler.py", line 42, in wrapped_app
    await app(scope, receive, sender)
  File "C:\Users\ac-010.ALCANCE\Documents\Projetos\WebApiAlcance\venv\Lib\site-packages\starlette\routing.py", line 73, in app
    response = await f(request)
               ^^^^^^^^^^^^^^^^
  File "C:\Users\ac-010.ALCANCE\Documents\Projetos\WebApiAlcance\venv\Lib\site-packages\fastapi\routing.py", line 291, in app
    solved_result = await solve_dependencies(
                    ^^^^^^^^^^^^^^^^^^^^^^^^^
  File "C:\Users\ac-010.ALCANCE\Documents\Projetos\WebApiAlcance\venv\Lib\site-packages\fastapi\dependencies\utils.py", line 638, in solve_dependencies
    solved = await call(**solved_result.values)
             ^^^^^^^^^^^^^^^^^^^^^^^^^^^^^^^^^^
  File "C:\Users\ac-010.ALCANCE\Documents\Projetos\WebApiAlcance\app\domain\user_acesssorias_config\routes.py", line 22, in get_acessorias_config_service
    repo = UserAcessoriasConfig(db)
           ^^^^^^^^^^^^^^^^^^^^^^^^
TypeError: __init__() takes 1 positional argument but 2 were given
2025-02-12 15:15:03,012 - [INFO] - Resposta: 500
2025-02-12 15:15:26,873 - [INFO] - Recebendo requisição: POST http://127.0.0.1:8000/api/v1/auth/token
2025-02-12 15:15:26,886 - [INFO] - Buscando usuário: admin
2025-02-12 15:15:26,980 - [INFO] - SELECT DATABASE()
2025-02-12 15:15:26,980 - [INFO] - [raw sql] ()
2025-02-12 15:15:26,986 - [INFO] - SELECT @@sql_mode
2025-02-12 15:15:26,986 - [INFO] - [raw sql] ()
2025-02-12 15:15:26,987 - [INFO] - SELECT @@lower_case_table_names
2025-02-12 15:15:26,988 - [INFO] - [raw sql] ()
2025-02-12 15:15:26,990 - [INFO] - BEGIN (implicit)
2025-02-12 15:15:27,009 - [INFO] - ROLLBACK
2025-02-12 15:15:27,012 - [ERROR] - Erro inesperado: Mapper 'Mapper[User(user)]' has no property 'acessorias_configs'.  If this property was indicated from other mappers or configure events, ensure registry.configure() has been called.
Traceback (most recent call last):
  File "C:\Users\ac-010.ALCANCE\Documents\Projetos\WebApiAlcance\venv\Lib\site-packages\sqlalchemy\orm\mapper.py", line 2522, in get_property
    return self._props[key]
           ~~~~~~~~~~~^^^^^
KeyError: 'acessorias_configs'

The above exception was the direct cause of the following exception:

Traceback (most recent call last):
  File "C:\Users\ac-010.ALCANCE\Documents\Projetos\WebApiAlcance\app\infra\middleware.py", line 13, in dispatch
    response = await call_next(request)
               ^^^^^^^^^^^^^^^^^^^^^^^^
  File "C:\Users\ac-010.ALCANCE\Documents\Projetos\WebApiAlcance\venv\Lib\site-packages\starlette\middleware\base.py", line 154, in call_next
    raise app_exc
  File "C:\Users\ac-010.ALCANCE\Documents\Projetos\WebApiAlcance\venv\Lib\site-packages\starlette\middleware\base.py", line 141, in coro
    await self.app(scope, receive_or_disconnect, send_no_error)
  File "C:\Users\ac-010.ALCANCE\Documents\Projetos\WebApiAlcance\venv\Lib\site-packages\prometheus_fastapi_instrumentator\middleware.py", line 174, in __call__
    raise exc
  File "C:\Users\ac-010.ALCANCE\Documents\Projetos\WebApiAlcance\venv\Lib\site-packages\prometheus_fastapi_instrumentator\middleware.py", line 172, in __call__
    await self.app(scope, receive, send_wrapper)
  File "C:\Users\ac-010.ALCANCE\Documents\Projetos\WebApiAlcance\venv\Lib\site-packages\starlette\middleware\exceptions.py", line 62, in __call__
    await wrap_app_handling_exceptions(self.app, conn)(scope, receive, send)
  File "C:\Users\ac-010.ALCANCE\Documents\Projetos\WebApiAlcance\venv\Lib\site-packages\starlette\_exception_handler.py", line 53, in wrapped_app
    raise exc
  File "C:\Users\ac-010.ALCANCE\Documents\Projetos\WebApiAlcance\venv\Lib\site-packages\starlette\_exception_handler.py", line 42, in wrapped_app
    await app(scope, receive, sender)
  File "C:\Users\ac-010.ALCANCE\Documents\Projetos\WebApiAlcance\venv\Lib\site-packages\starlette\routing.py", line 715, in __call__
    await self.middleware_stack(scope, receive, send)
  File "C:\Users\ac-010.ALCANCE\Documents\Projetos\WebApiAlcance\venv\Lib\site-packages\starlette\routing.py", line 735, in app
    await route.handle(scope, receive, send)
  File "C:\Users\ac-010.ALCANCE\Documents\Projetos\WebApiAlcance\venv\Lib\site-packages\starlette\routing.py", line 288, in handle
    await self.app(scope, receive, send)
  File "C:\Users\ac-010.ALCANCE\Documents\Projetos\WebApiAlcance\venv\Lib\site-packages\starlette\routing.py", line 76, in app
    await wrap_app_handling_exceptions(app, request)(scope, receive, send)
  File "C:\Users\ac-010.ALCANCE\Documents\Projetos\WebApiAlcance\venv\Lib\site-packages\starlette\_exception_handler.py", line 53, in wrapped_app
    raise exc
  File "C:\Users\ac-010.ALCANCE\Documents\Projetos\WebApiAlcance\venv\Lib\site-packages\starlette\_exception_handler.py", line 42, in wrapped_app
    await app(scope, receive, sender)
  File "C:\Users\ac-010.ALCANCE\Documents\Projetos\WebApiAlcance\venv\Lib\site-packages\starlette\routing.py", line 73, in app
    response = await f(request)
               ^^^^^^^^^^^^^^^^
  File "C:\Users\ac-010.ALCANCE\Documents\Projetos\WebApiAlcance\venv\Lib\site-packages\fastapi\routing.py", line 301, in app
    raw_response = await run_endpoint_function(
                   ^^^^^^^^^^^^^^^^^^^^^^^^^^^^
  File "C:\Users\ac-010.ALCANCE\Documents\Projetos\WebApiAlcance\venv\Lib\site-packages\fastapi\routing.py", line 212, in run_endpoint_function
    return await dependant.call(**values)
           ^^^^^^^^^^^^^^^^^^^^^^^^^^^^^^
  File "C:\Users\ac-010.ALCANCE\Documents\Projetos\WebApiAlcance\app\domain\auth\routes.py", line 27, in login_for_access_token
    user = await authenticate_user(form_data.username, form_data.password, service)  # Adicione await aqui
           ^^^^^^^^^^^^^^^^^^^^^^^^^^^^^^^^^^^^^^^^^^^^^^^^^^^^^^^^^^^^^^^^^^^^^^^^
  File "C:\Users\ac-010.ALCANCE\Documents\Projetos\WebApiAlcance\app\domain\auth\routes.py", line 16, in authenticate_user
    user = await service.get_user_by_username(username)  # Adicione await aqui
           ^^^^^^^^^^^^^^^^^^^^^^^^^^^^^^^^^^^^^^^^^^^^
  File "C:\Users\ac-010.ALCANCE\Documents\Projetos\WebApiAlcance\app\domain\user\service.py", line 53, in get_user_by_username
    user = await self.repo.get_user_by_username(username)
           ^^^^^^^^^^^^^^^^^^^^^^^^^^^^^^^^^^^^^^^^^^^^^^
  File "C:\Users\ac-010.ALCANCE\Documents\Projetos\WebApiAlcance\app\domain\user\repository.py", line 61, in get_user_by_username
    result = await self.db.execute(select(User).filter(User.login == username))
             ^^^^^^^^^^^^^^^^^^^^^^^^^^^^^^^^^^^^^^^^^^^^^^^^^^^^^^^^^^^^^^^^^^
  File "C:\Users\ac-010.ALCANCE\Documents\Projetos\WebApiAlcance\venv\Lib\site-packages\sqlalchemy\ext\asyncio\session.py", line 463, in execute
    result = await greenlet_spawn(
             ^^^^^^^^^^^^^^^^^^^^^
  File "C:\Users\ac-010.ALCANCE\Documents\Projetos\WebApiAlcance\venv\Lib\site-packages\sqlalchemy\util\_concurrency_py3k.py", line 203, in greenlet_spawn
    result = context.switch(value)
             ^^^^^^^^^^^^^^^^^^^^^
  File "C:\Users\ac-010.ALCANCE\Documents\Projetos\WebApiAlcance\venv\Lib\site-packages\sqlalchemy\orm\session.py", line 2365, in execute
    return self._execute_internal(
           ^^^^^^^^^^^^^^^^^^^^^^^
  File "C:\Users\ac-010.ALCANCE\Documents\Projetos\WebApiAlcance\venv\Lib\site-packages\sqlalchemy\orm\session.py", line 2251, in _execute_internal
    result: Result[Any] = compile_state_cls.orm_execute_statement(
                          ^^^^^^^^^^^^^^^^^^^^^^^^^^^^^^^^^^^^^^^^
  File "C:\Users\ac-010.ALCANCE\Documents\Projetos\WebApiAlcance\venv\Lib\site-packages\sqlalchemy\orm\context.py", line 305, in orm_execute_statement
    result = conn.execute(
             ^^^^^^^^^^^^^
  File "C:\Users\ac-010.ALCANCE\Documents\Projetos\WebApiAlcance\venv\Lib\site-packages\sqlalchemy\engine\base.py", line 1416, in execute
    return meth(
           ^^^^^
  File "C:\Users\ac-010.ALCANCE\Documents\Projetos\WebApiAlcance\venv\Lib\site-packages\sqlalchemy\sql\elements.py", line 515, in _execute_on_connection
    return connection._execute_clauseelement(
           ^^^^^^^^^^^^^^^^^^^^^^^^^^^^^^^^^^
  File "C:\Users\ac-010.ALCANCE\Documents\Projetos\WebApiAlcance\venv\Lib\site-packages\sqlalchemy\engine\base.py", line 1630, in _execute_clauseelement
    compiled_sql, extracted_params, cache_hit = elem._compile_w_cache(
                                                ^^^^^^^^^^^^^^^^^^^^^^
  File "C:\Users\ac-010.ALCANCE\Documents\Projetos\WebApiAlcance\venv\Lib\site-packages\sqlalchemy\sql\elements.py", line 703, in _compile_w_cache
    compiled_sql = self._compiler(
                   ^^^^^^^^^^^^^^^
  File "C:\Users\ac-010.ALCANCE\Documents\Projetos\WebApiAlcance\venv\Lib\site-packages\sqlalchemy\sql\elements.py", line 316, in _compiler
    return dialect.statement_compiler(dialect, self, **kw)
           ^^^^^^^^^^^^^^^^^^^^^^^^^^^^^^^^^^^^^^^^^^^^^^^
  File "C:\Users\ac-010.ALCANCE\Documents\Projetos\WebApiAlcance\venv\Lib\site-packages\sqlalchemy\sql\compiler.py", line 1429, in __init__
    Compiled.__init__(self, dialect, statement, **kwargs)
  File "C:\Users\ac-010.ALCANCE\Documents\Projetos\WebApiAlcance\venv\Lib\site-packages\sqlalchemy\sql\compiler.py", line 870, in __init__
    self.string = self.process(self.statement, **compile_kwargs)
                  ^^^^^^^^^^^^^^^^^^^^^^^^^^^^^^^^^^^^^^^^^^^^^^
  File "C:\Users\ac-010.ALCANCE\Documents\Projetos\WebApiAlcance\venv\Lib\site-packages\sqlalchemy\sql\compiler.py", line 915, in process
    return obj._compiler_dispatch(self, **kwargs)
           ^^^^^^^^^^^^^^^^^^^^^^^^^^^^^^^^^^^^^^
  File "C:\Users\ac-010.ALCANCE\Documents\Projetos\WebApiAlcance\venv\Lib\site-packages\sqlalchemy\sql\visitors.py", line 141, in _compiler_dispatch
    return meth(self, **kw)  # type: ignore  # noqa: E501
           ^^^^^^^^^^^^^^^^
  File "C:\Users\ac-010.ALCANCE\Documents\Projetos\WebApiAlcance\venv\Lib\site-packages\sqlalchemy\sql\compiler.py", line 4680, in visit_select
    compile_state = select_stmt._compile_state_factory(
                    ^^^^^^^^^^^^^^^^^^^^^^^^^^^^^^^^^^^
  File "C:\Users\ac-010.ALCANCE\Documents\Projetos\WebApiAlcance\venv\Lib\site-packages\sqlalchemy\sql\base.py", line 683, in create_for_statement
    return klass.create_for_statement(statement, compiler, **kw)
           ^^^^^^^^^^^^^^^^^^^^^^^^^^^^^^^^^^^^^^^^^^^^^^^^^^^^^
  File "C:\Users\ac-010.ALCANCE\Documents\Projetos\WebApiAlcance\venv\Lib\site-packages\sqlalchemy\orm\context.py", line 1110, in create_for_statement
    _QueryEntity.to_compile_state(
  File "C:\Users\ac-010.ALCANCE\Documents\Projetos\WebApiAlcance\venv\Lib\site-packages\sqlalchemy\orm\context.py", line 2565, in to_compile_state
    _MapperEntity(
  File "C:\Users\ac-010.ALCANCE\Documents\Projetos\WebApiAlcance\venv\Lib\site-packages\sqlalchemy\orm\context.py", line 2645, in __init__
    entity._post_inspect
  File "C:\Users\ac-010.ALCANCE\Documents\Projetos\WebApiAlcance\venv\Lib\site-packages\sqlalchemy\util\langhelpers.py", line 1257, in __get__
    obj.__dict__[self.__name__] = result = self.fget(obj)
                                           ^^^^^^^^^^^^^^
  File "C:\Users\ac-010.ALCANCE\Documents\Projetos\WebApiAlcance\venv\Lib\site-packages\sqlalchemy\orm\mapper.py", line 2724, in _post_inspect
    self._check_configure()
  File "C:\Users\ac-010.ALCANCE\Documents\Projetos\WebApiAlcance\venv\Lib\site-packages\sqlalchemy\orm\mapper.py", line 2401, in _check_configure
    _configure_registries({self.registry}, cascade=True)
  File "C:\Users\ac-010.ALCANCE\Documents\Projetos\WebApiAlcance\venv\Lib\site-packages\sqlalchemy\orm\mapper.py", line 4213, in _configure_registries
    _do_configure_registries(registries, cascade)
  File "C:\Users\ac-010.ALCANCE\Documents\Projetos\WebApiAlcance\venv\Lib\site-packages\sqlalchemy\orm\mapper.py", line 4254, in _do_configure_registries
    mapper._post_configure_properties()
  File "C:\Users\ac-010.ALCANCE\Documents\Projetos\WebApiAlcance\venv\Lib\site-packages\sqlalchemy\orm\mapper.py", line 2418, in _post_configure_properties
    prop.init()
  File "C:\Users\ac-010.ALCANCE\Documents\Projetos\WebApiAlcance\venv\Lib\site-packages\sqlalchemy\orm\interfaces.py", line 589, in init
    self.do_init()
  File "C:\Users\ac-010.ALCANCE\Documents\Projetos\WebApiAlcance\venv\Lib\site-packages\sqlalchemy\orm\relationships.py", line 1661, in do_init
    self._generate_backref()
  File "C:\Users\ac-010.ALCANCE\Documents\Projetos\WebApiAlcance\venv\Lib\site-packages\sqlalchemy\orm\relationships.py", line 2147, in _generate_backref
    self._add_reverse_property(self.back_populates)
  File "C:\Users\ac-010.ALCANCE\Documents\Projetos\WebApiAlcance\venv\Lib\site-packages\sqlalchemy\orm\relationships.py", line 1592, in _add_reverse_property
    other = self.mapper.get_property(key, _configure_mappers=False)
            ^^^^^^^^^^^^^^^^^^^^^^^^^^^^^^^^^^^^^^^^^^^^^^^^^^^^^^^
  File "C:\Users\ac-010.ALCANCE\Documents\Projetos\WebApiAlcance\venv\Lib\site-packages\sqlalchemy\orm\mapper.py", line 2524, in get_property
    raise sa_exc.InvalidRequestError(
sqlalchemy.exc.InvalidRequestError: Mapper 'Mapper[User(user)]' has no property 'acessorias_configs'.  If this property was indicated from other mappers or configure events, ensure registry.configure() has been called.
2025-02-12 15:15:27,963 - [INFO] - Resposta: 500
2025-02-12 15:17:29,126 - [INFO] - 4 changes detected
2025-02-12 15:18:07,512 - [INFO] - 6 changes detected
2025-02-12 15:19:02,095 - [INFO] - Recebendo requisição: GET http://127.0.0.1:8000/docs
2025-02-12 15:19:02,120 - [INFO] - Resposta: 200
2025-02-12 15:19:03,233 - [INFO] - Recebendo requisição: GET http://127.0.0.1:8000/openapi.json
2025-02-12 15:19:03,407 - [INFO] - Resposta: 200
2025-02-12 15:19:11,117 - [INFO] - Recebendo requisição: GET http://127.0.0.1:8000/api/v1/infra/health
2025-02-12 15:19:11,174 - [INFO] - SELECT DATABASE()
2025-02-12 15:19:11,174 - [INFO] - [raw sql] ()
2025-02-12 15:19:11,176 - [INFO] - SELECT @@sql_mode
2025-02-12 15:19:11,176 - [INFO] - [raw sql] ()
2025-02-12 15:19:11,177 - [INFO] - SELECT @@lower_case_table_names
2025-02-12 15:19:11,178 - [INFO] - [raw sql] ()
2025-02-12 15:19:11,179 - [INFO] - BEGIN (implicit)
2025-02-12 15:19:11,181 - [INFO] - SELECT 1
2025-02-12 15:19:11,181 - [INFO] - [generated in 0.00031s] ()
2025-02-12 15:19:11,182 - [INFO] - ROLLBACK
2025-02-12 15:19:11,184 - [INFO] - Resposta: 200
2025-02-12 15:19:21,864 - [INFO] - Recebendo requisição: POST http://127.0.0.1:8000/api/v1/auth/token
2025-02-12 15:19:21,873 - [INFO] - Buscando usuário: admin
2025-02-12 15:19:21,874 - [INFO] - BEGIN (implicit)
2025-02-12 15:19:21,897 - [INFO] - SELECT user.id, user.nome, user.email, user.senha, user.login, user.grupo, user.telefone, user.cargo, user.setor, user.ativo 
FROM user 
WHERE user.login = %s
2025-02-12 15:19:21,897 - [INFO] - [generated in 0.00037s] ('admin',)
2025-02-12 15:19:21,940 - [INFO] - Usuário encontrado: admin
2025-02-12 15:19:22,363 - [INFO] - ROLLBACK
2025-02-12 15:19:22,365 - [INFO] - Resposta: 200
2025-02-12 15:19:28,906 - [INFO] - Recebendo requisição: GET http://127.0.0.1:8000/api/v1/user-acessorias/
2025-02-12 15:19:28,915 - [ERROR] - Erro inesperado: UserAcessoriasConfigService.listar_configs() missing 1 required positional argument: 'usuario_id'
Traceback (most recent call last):
  File "C:\Users\ac-010.ALCANCE\Documents\Projetos\WebApiAlcance\venv\Lib\site-packages\anyio\streams\memory.py", line 111, in receive
    return self.receive_nowait()
           ^^^^^^^^^^^^^^^^^^^^^
  File "C:\Users\ac-010.ALCANCE\Documents\Projetos\WebApiAlcance\venv\Lib\site-packages\anyio\streams\memory.py", line 106, in receive_nowait
    raise WouldBlock
anyio.WouldBlock

During handling of the above exception, another exception occurred:

Traceback (most recent call last):
  File "C:\Users\ac-010.ALCANCE\Documents\Projetos\WebApiAlcance\venv\Lib\site-packages\anyio\streams\memory.py", line 124, in receive
    return receiver.item
           ^^^^^^^^^^^^^
AttributeError: 'MemoryObjectItemReceiver' object has no attribute 'item'

During handling of the above exception, another exception occurred:

Traceback (most recent call last):
  File "C:\Users\ac-010.ALCANCE\Documents\Projetos\WebApiAlcance\venv\Lib\site-packages\starlette\middleware\base.py", line 148, in call_next
    message = await recv_stream.receive()
              ^^^^^^^^^^^^^^^^^^^^^^^^^^^
  File "C:\Users\ac-010.ALCANCE\Documents\Projetos\WebApiAlcance\venv\Lib\site-packages\anyio\streams\memory.py", line 126, in receive
    raise EndOfStream
anyio.EndOfStream

During handling of the above exception, another exception occurred:

Traceback (most recent call last):
  File "C:\Users\ac-010.ALCANCE\Documents\Projetos\WebApiAlcance\app\infra\middleware.py", line 13, in dispatch
    response = await call_next(request)
               ^^^^^^^^^^^^^^^^^^^^^^^^
  File "C:\Users\ac-010.ALCANCE\Documents\Projetos\WebApiAlcance\venv\Lib\site-packages\starlette\middleware\base.py", line 154, in call_next
    raise app_exc
  File "C:\Users\ac-010.ALCANCE\Documents\Projetos\WebApiAlcance\venv\Lib\site-packages\starlette\middleware\base.py", line 141, in coro
    await self.app(scope, receive_or_disconnect, send_no_error)
  File "C:\Users\ac-010.ALCANCE\Documents\Projetos\WebApiAlcance\venv\Lib\site-packages\prometheus_fastapi_instrumentator\middleware.py", line 174, in __call__
    raise exc
  File "C:\Users\ac-010.ALCANCE\Documents\Projetos\WebApiAlcance\venv\Lib\site-packages\prometheus_fastapi_instrumentator\middleware.py", line 172, in __call__
    await self.app(scope, receive, send_wrapper)
  File "C:\Users\ac-010.ALCANCE\Documents\Projetos\WebApiAlcance\venv\Lib\site-packages\starlette\middleware\exceptions.py", line 62, in __call__
    await wrap_app_handling_exceptions(self.app, conn)(scope, receive, send)
  File "C:\Users\ac-010.ALCANCE\Documents\Projetos\WebApiAlcance\venv\Lib\site-packages\starlette\_exception_handler.py", line 53, in wrapped_app
    raise exc
  File "C:\Users\ac-010.ALCANCE\Documents\Projetos\WebApiAlcance\venv\Lib\site-packages\starlette\_exception_handler.py", line 42, in wrapped_app
    await app(scope, receive, sender)
  File "C:\Users\ac-010.ALCANCE\Documents\Projetos\WebApiAlcance\venv\Lib\site-packages\starlette\routing.py", line 715, in __call__
    await self.middleware_stack(scope, receive, send)
  File "C:\Users\ac-010.ALCANCE\Documents\Projetos\WebApiAlcance\venv\Lib\site-packages\starlette\routing.py", line 735, in app
    await route.handle(scope, receive, send)
  File "C:\Users\ac-010.ALCANCE\Documents\Projetos\WebApiAlcance\venv\Lib\site-packages\starlette\routing.py", line 288, in handle
    await self.app(scope, receive, send)
  File "C:\Users\ac-010.ALCANCE\Documents\Projetos\WebApiAlcance\venv\Lib\site-packages\starlette\routing.py", line 76, in app
    await wrap_app_handling_exceptions(app, request)(scope, receive, send)
  File "C:\Users\ac-010.ALCANCE\Documents\Projetos\WebApiAlcance\venv\Lib\site-packages\starlette\_exception_handler.py", line 53, in wrapped_app
    raise exc
  File "C:\Users\ac-010.ALCANCE\Documents\Projetos\WebApiAlcance\venv\Lib\site-packages\starlette\_exception_handler.py", line 42, in wrapped_app
    await app(scope, receive, sender)
  File "C:\Users\ac-010.ALCANCE\Documents\Projetos\WebApiAlcance\venv\Lib\site-packages\starlette\routing.py", line 73, in app
    response = await f(request)
               ^^^^^^^^^^^^^^^^
  File "C:\Users\ac-010.ALCANCE\Documents\Projetos\WebApiAlcance\venv\Lib\site-packages\fastapi\routing.py", line 301, in app
    raw_response = await run_endpoint_function(
                   ^^^^^^^^^^^^^^^^^^^^^^^^^^^^
  File "C:\Users\ac-010.ALCANCE\Documents\Projetos\WebApiAlcance\venv\Lib\site-packages\fastapi\routing.py", line 212, in run_endpoint_function
    return await dependant.call(**values)
           ^^^^^^^^^^^^^^^^^^^^^^^^^^^^^^
  File "C:\Users\ac-010.ALCANCE\Documents\Projetos\WebApiAlcance\app\domain\user_acesssorias_config\routes.py", line 31, in listar_acessorias_configs
    configs = await service.listar_configs()
                    ^^^^^^^^^^^^^^^^^^^^^^^^
TypeError: UserAcessoriasConfigService.listar_configs() missing 1 required positional argument: 'usuario_id'
2025-02-12 15:19:28,945 - [INFO] - Resposta: 500
2025-02-12 15:19:33,852 - [INFO] - Recebendo requisição: GET http://127.0.0.1:8000/api/v1/user-acessorias/
2025-02-12 15:19:33,854 - [ERROR] - Erro inesperado: UserAcessoriasConfigService.listar_configs() missing 1 required positional argument: 'usuario_id'
Traceback (most recent call last):
  File "C:\Users\ac-010.ALCANCE\Documents\Projetos\WebApiAlcance\venv\Lib\site-packages\anyio\streams\memory.py", line 111, in receive
    return self.receive_nowait()
           ^^^^^^^^^^^^^^^^^^^^^
  File "C:\Users\ac-010.ALCANCE\Documents\Projetos\WebApiAlcance\venv\Lib\site-packages\anyio\streams\memory.py", line 106, in receive_nowait
    raise WouldBlock
anyio.WouldBlock

During handling of the above exception, another exception occurred:

Traceback (most recent call last):
  File "C:\Users\ac-010.ALCANCE\Documents\Projetos\WebApiAlcance\venv\Lib\site-packages\anyio\streams\memory.py", line 124, in receive
    return receiver.item
           ^^^^^^^^^^^^^
AttributeError: 'MemoryObjectItemReceiver' object has no attribute 'item'

During handling of the above exception, another exception occurred:

Traceback (most recent call last):
  File "C:\Users\ac-010.ALCANCE\Documents\Projetos\WebApiAlcance\venv\Lib\site-packages\starlette\middleware\base.py", line 148, in call_next
    message = await recv_stream.receive()
              ^^^^^^^^^^^^^^^^^^^^^^^^^^^
  File "C:\Users\ac-010.ALCANCE\Documents\Projetos\WebApiAlcance\venv\Lib\site-packages\anyio\streams\memory.py", line 126, in receive
    raise EndOfStream
anyio.EndOfStream

During handling of the above exception, another exception occurred:

Traceback (most recent call last):
  File "C:\Users\ac-010.ALCANCE\Documents\Projetos\WebApiAlcance\app\infra\middleware.py", line 13, in dispatch
    response = await call_next(request)
               ^^^^^^^^^^^^^^^^^^^^^^^^
  File "C:\Users\ac-010.ALCANCE\Documents\Projetos\WebApiAlcance\venv\Lib\site-packages\starlette\middleware\base.py", line 154, in call_next
    raise app_exc
  File "C:\Users\ac-010.ALCANCE\Documents\Projetos\WebApiAlcance\venv\Lib\site-packages\starlette\middleware\base.py", line 141, in coro
    await self.app(scope, receive_or_disconnect, send_no_error)
  File "C:\Users\ac-010.ALCANCE\Documents\Projetos\WebApiAlcance\venv\Lib\site-packages\prometheus_fastapi_instrumentator\middleware.py", line 174, in __call__
    raise exc
  File "C:\Users\ac-010.ALCANCE\Documents\Projetos\WebApiAlcance\venv\Lib\site-packages\prometheus_fastapi_instrumentator\middleware.py", line 172, in __call__
    await self.app(scope, receive, send_wrapper)
  File "C:\Users\ac-010.ALCANCE\Documents\Projetos\WebApiAlcance\venv\Lib\site-packages\starlette\middleware\exceptions.py", line 62, in __call__
    await wrap_app_handling_exceptions(self.app, conn)(scope, receive, send)
  File "C:\Users\ac-010.ALCANCE\Documents\Projetos\WebApiAlcance\venv\Lib\site-packages\starlette\_exception_handler.py", line 53, in wrapped_app
    raise exc
  File "C:\Users\ac-010.ALCANCE\Documents\Projetos\WebApiAlcance\venv\Lib\site-packages\starlette\_exception_handler.py", line 42, in wrapped_app
    await app(scope, receive, sender)
  File "C:\Users\ac-010.ALCANCE\Documents\Projetos\WebApiAlcance\venv\Lib\site-packages\starlette\routing.py", line 715, in __call__
    await self.middleware_stack(scope, receive, send)
  File "C:\Users\ac-010.ALCANCE\Documents\Projetos\WebApiAlcance\venv\Lib\site-packages\starlette\routing.py", line 735, in app
    await route.handle(scope, receive, send)
  File "C:\Users\ac-010.ALCANCE\Documents\Projetos\WebApiAlcance\venv\Lib\site-packages\starlette\routing.py", line 288, in handle
    await self.app(scope, receive, send)
  File "C:\Users\ac-010.ALCANCE\Documents\Projetos\WebApiAlcance\venv\Lib\site-packages\starlette\routing.py", line 76, in app
    await wrap_app_handling_exceptions(app, request)(scope, receive, send)
  File "C:\Users\ac-010.ALCANCE\Documents\Projetos\WebApiAlcance\venv\Lib\site-packages\starlette\_exception_handler.py", line 53, in wrapped_app
    raise exc
  File "C:\Users\ac-010.ALCANCE\Documents\Projetos\WebApiAlcance\venv\Lib\site-packages\starlette\_exception_handler.py", line 42, in wrapped_app
    await app(scope, receive, sender)
  File "C:\Users\ac-010.ALCANCE\Documents\Projetos\WebApiAlcance\venv\Lib\site-packages\starlette\routing.py", line 73, in app
    response = await f(request)
               ^^^^^^^^^^^^^^^^
  File "C:\Users\ac-010.ALCANCE\Documents\Projetos\WebApiAlcance\venv\Lib\site-packages\fastapi\routing.py", line 301, in app
    raw_response = await run_endpoint_function(
                   ^^^^^^^^^^^^^^^^^^^^^^^^^^^^
  File "C:\Users\ac-010.ALCANCE\Documents\Projetos\WebApiAlcance\venv\Lib\site-packages\fastapi\routing.py", line 212, in run_endpoint_function
    return await dependant.call(**values)
           ^^^^^^^^^^^^^^^^^^^^^^^^^^^^^^
  File "C:\Users\ac-010.ALCANCE\Documents\Projetos\WebApiAlcance\app\domain\user_acesssorias_config\routes.py", line 31, in listar_acessorias_configs
    configs = await service.listar_configs()
                    ^^^^^^^^^^^^^^^^^^^^^^^^
TypeError: UserAcessoriasConfigService.listar_configs() missing 1 required positional argument: 'usuario_id'
2025-02-12 15:19:33,862 - [INFO] - Resposta: 500
2025-02-12 15:28:50,086 - [INFO] - Recebendo requisição: GET http://127.0.0.1:8000/docs
2025-02-12 15:28:50,089 - [INFO] - Resposta: 200
2025-02-12 15:28:50,445 - [INFO] - Recebendo requisição: GET http://127.0.0.1:8000/openapi.json
2025-02-12 15:28:50,539 - [INFO] - Resposta: 200
2025-02-12 15:28:57,509 - [INFO] - Recebendo requisição: POST http://127.0.0.1:8000/api/v1/auth/token
2025-02-12 15:28:57,520 - [INFO] - Buscando usuário: admin
2025-02-12 15:28:57,551 - [INFO] - SELECT DATABASE()
2025-02-12 15:28:57,552 - [INFO] - [raw sql] ()
2025-02-12 15:28:57,554 - [INFO] - SELECT @@sql_mode
2025-02-12 15:28:57,554 - [INFO] - [raw sql] ()
2025-02-12 15:28:57,556 - [INFO] - SELECT @@lower_case_table_names
2025-02-12 15:28:57,556 - [INFO] - [raw sql] ()
2025-02-12 15:28:57,559 - [INFO] - BEGIN (implicit)
2025-02-12 15:28:57,581 - [INFO] - SELECT user.id, user.nome, user.email, user.senha, user.login, user.grupo, user.telefone, user.cargo, user.setor, user.ativo 
FROM user 
WHERE user.login = %s
2025-02-12 15:28:57,582 - [INFO] - [generated in 0.00040s] ('admin',)
2025-02-12 15:28:57,585 - [INFO] - Usuário encontrado: admin
2025-02-12 15:28:58,030 - [INFO] - ROLLBACK
2025-02-12 15:28:58,031 - [INFO] - Resposta: 200
2025-02-12 15:29:05,768 - [INFO] - Recebendo requisição: GET http://127.0.0.1:8000/api/v1/user-acessorias/
2025-02-12 15:29:06,216 - [INFO] - Resposta: 500
2025-02-12 15:29:11,044 - [INFO] - Recebendo requisição: GET http://127.0.0.1:8000/api/v1/user-acessorias/?usuario_id=1
2025-02-12 15:29:11,073 - [ERROR] - Erro inesperado: 'AsyncSession' object has no attribute 'listar_configs'
Traceback (most recent call last):
  File "C:\Users\ac-010.ALCANCE\Documents\Projetos\WebApiAlcance\venv\Lib\site-packages\anyio\streams\memory.py", line 111, in receive
    return self.receive_nowait()
           ^^^^^^^^^^^^^^^^^^^^^
  File "C:\Users\ac-010.ALCANCE\Documents\Projetos\WebApiAlcance\venv\Lib\site-packages\anyio\streams\memory.py", line 106, in receive_nowait
    raise WouldBlock
anyio.WouldBlock

During handling of the above exception, another exception occurred:

Traceback (most recent call last):
  File "C:\Users\ac-010.ALCANCE\Documents\Projetos\WebApiAlcance\venv\Lib\site-packages\anyio\streams\memory.py", line 124, in receive
    return receiver.item
           ^^^^^^^^^^^^^
AttributeError: 'MemoryObjectItemReceiver' object has no attribute 'item'

During handling of the above exception, another exception occurred:

Traceback (most recent call last):
  File "C:\Users\ac-010.ALCANCE\Documents\Projetos\WebApiAlcance\venv\Lib\site-packages\starlette\middleware\base.py", line 148, in call_next
    message = await recv_stream.receive()
              ^^^^^^^^^^^^^^^^^^^^^^^^^^^
  File "C:\Users\ac-010.ALCANCE\Documents\Projetos\WebApiAlcance\venv\Lib\site-packages\anyio\streams\memory.py", line 126, in receive
    raise EndOfStream
anyio.EndOfStream

During handling of the above exception, another exception occurred:

Traceback (most recent call last):
  File "C:\Users\ac-010.ALCANCE\Documents\Projetos\WebApiAlcance\app\infra\middleware.py", line 13, in dispatch
    response = await call_next(request)
               ^^^^^^^^^^^^^^^^^^^^^^^^
  File "C:\Users\ac-010.ALCANCE\Documents\Projetos\WebApiAlcance\venv\Lib\site-packages\starlette\middleware\base.py", line 154, in call_next
    raise app_exc
  File "C:\Users\ac-010.ALCANCE\Documents\Projetos\WebApiAlcance\venv\Lib\site-packages\starlette\middleware\base.py", line 141, in coro
    await self.app(scope, receive_or_disconnect, send_no_error)
  File "C:\Users\ac-010.ALCANCE\Documents\Projetos\WebApiAlcance\venv\Lib\site-packages\prometheus_fastapi_instrumentator\middleware.py", line 174, in __call__
    raise exc
  File "C:\Users\ac-010.ALCANCE\Documents\Projetos\WebApiAlcance\venv\Lib\site-packages\prometheus_fastapi_instrumentator\middleware.py", line 172, in __call__
    await self.app(scope, receive, send_wrapper)
  File "C:\Users\ac-010.ALCANCE\Documents\Projetos\WebApiAlcance\venv\Lib\site-packages\starlette\middleware\exceptions.py", line 62, in __call__
    await wrap_app_handling_exceptions(self.app, conn)(scope, receive, send)
  File "C:\Users\ac-010.ALCANCE\Documents\Projetos\WebApiAlcance\venv\Lib\site-packages\starlette\_exception_handler.py", line 53, in wrapped_app
    raise exc
  File "C:\Users\ac-010.ALCANCE\Documents\Projetos\WebApiAlcance\venv\Lib\site-packages\starlette\_exception_handler.py", line 42, in wrapped_app
    await app(scope, receive, sender)
  File "C:\Users\ac-010.ALCANCE\Documents\Projetos\WebApiAlcance\venv\Lib\site-packages\starlette\routing.py", line 715, in __call__
    await self.middleware_stack(scope, receive, send)
  File "C:\Users\ac-010.ALCANCE\Documents\Projetos\WebApiAlcance\venv\Lib\site-packages\starlette\routing.py", line 735, in app
    await route.handle(scope, receive, send)
  File "C:\Users\ac-010.ALCANCE\Documents\Projetos\WebApiAlcance\venv\Lib\site-packages\starlette\routing.py", line 288, in handle
    await self.app(scope, receive, send)
  File "C:\Users\ac-010.ALCANCE\Documents\Projetos\WebApiAlcance\venv\Lib\site-packages\starlette\routing.py", line 76, in app
    await wrap_app_handling_exceptions(app, request)(scope, receive, send)
  File "C:\Users\ac-010.ALCANCE\Documents\Projetos\WebApiAlcance\venv\Lib\site-packages\starlette\_exception_handler.py", line 53, in wrapped_app
    raise exc
  File "C:\Users\ac-010.ALCANCE\Documents\Projetos\WebApiAlcance\venv\Lib\site-packages\starlette\_exception_handler.py", line 42, in wrapped_app
    await app(scope, receive, sender)
  File "C:\Users\ac-010.ALCANCE\Documents\Projetos\WebApiAlcance\venv\Lib\site-packages\starlette\routing.py", line 73, in app
    response = await f(request)
               ^^^^^^^^^^^^^^^^
  File "C:\Users\ac-010.ALCANCE\Documents\Projetos\WebApiAlcance\venv\Lib\site-packages\fastapi\routing.py", line 301, in app
    raw_response = await run_endpoint_function(
                   ^^^^^^^^^^^^^^^^^^^^^^^^^^^^
  File "C:\Users\ac-010.ALCANCE\Documents\Projetos\WebApiAlcance\venv\Lib\site-packages\fastapi\routing.py", line 212, in run_endpoint_function
    return await dependant.call(**values)
           ^^^^^^^^^^^^^^^^^^^^^^^^^^^^^^
  File "C:\Users\ac-010.ALCANCE\Documents\Projetos\WebApiAlcance\app\domain\user_acesssorias_config\routes.py", line 31, in listar_acessorias_configs
    return await service.listar_configs(usuario_id)
           ^^^^^^^^^^^^^^^^^^^^^^^^^^^^^^^^^^^^^^^^
  File "C:\Users\ac-010.ALCANCE\Documents\Projetos\WebApiAlcance\app\domain\user_acesssorias_config\service.py", line 10, in listar_configs
    return await self.repo.listar_configs(usuario_id)
                 ^^^^^^^^^^^^^^^^^^^^^^^^
AttributeError: 'AsyncSession' object has no attribute 'listar_configs'
2025-02-12 15:29:11,086 - [INFO] - Resposta: 500
2025-02-12 15:29:20,776 - [INFO] - Recebendo requisição: GET http://127.0.0.1:8000/api/v1/user-acessorias/
2025-02-12 15:29:20,794 - [INFO] - Resposta: 500
2025-02-12 15:32:28,218 - [INFO] - 4 changes detected
2025-02-12 15:32:55,284 - [INFO] - Recebendo requisição: GET http://127.0.0.1:8000/docs
2025-02-12 15:32:55,286 - [INFO] - Resposta: 200
2025-02-12 15:32:55,481 - [INFO] - Recebendo requisição: GET http://127.0.0.1:8000/openapi.json
2025-02-12 15:32:55,570 - [INFO] - Resposta: 200
2025-02-12 15:33:04,761 - [INFO] - Recebendo requisição: POST http://127.0.0.1:8000/api/v1/auth/token
2025-02-12 15:33:04,767 - [INFO] - Buscando usuário: admin
2025-02-12 15:33:04,785 - [INFO] - SELECT DATABASE()
2025-02-12 15:33:04,785 - [INFO] - [raw sql] ()
2025-02-12 15:33:04,786 - [INFO] - SELECT @@sql_mode
2025-02-12 15:33:04,787 - [INFO] - [raw sql] ()
2025-02-12 15:33:04,788 - [INFO] - SELECT @@lower_case_table_names
2025-02-12 15:33:04,788 - [INFO] - [raw sql] ()
2025-02-12 15:33:04,790 - [INFO] - BEGIN (implicit)
2025-02-12 15:33:04,819 - [INFO] - SELECT user.id, user.nome, user.email, user.senha, user.login, user.grupo, user.telefone, user.cargo, user.setor, user.ativo 
FROM user 
WHERE user.login = %s
2025-02-12 15:33:04,820 - [INFO] - [generated in 0.00041s] ('admin',)
2025-02-12 15:33:04,821 - [INFO] - Usuário encontrado: admin
2025-02-12 15:33:05,213 - [INFO] - ROLLBACK
2025-02-12 15:33:05,215 - [INFO] - Resposta: 200
2025-02-12 15:33:14,202 - [INFO] - Recebendo requisição: GET http://127.0.0.1:8000/api/v1/user-acessorias/
2025-02-12 15:33:14,205 - [INFO] - Buscando usuário: admin
2025-02-12 15:33:14,206 - [INFO] - BEGIN (implicit)
2025-02-12 15:33:14,207 - [INFO] - SELECT user.id, user.nome, user.email, user.senha, user.login, user.grupo, user.telefone, user.cargo, user.setor, user.ativo 
FROM user 
WHERE user.login = %s
2025-02-12 15:33:14,207 - [INFO] - [cached since 9.388s ago] ('admin',)
2025-02-12 15:33:14,209 - [INFO] - Usuário encontrado: admin
2025-02-12 15:33:14,210 - [INFO] - ROLLBACK
2025-02-12 15:33:14,212 - [ERROR] - Erro inesperado: UserAcessoriasConfigService.listar_configs() missing 1 required positional argument: 'usuario_id'
Traceback (most recent call last):
  File "C:\Users\ac-010.ALCANCE\Documents\Projetos\WebApiAlcance\venv\Lib\site-packages\anyio\streams\memory.py", line 111, in receive
    return self.receive_nowait()
           ^^^^^^^^^^^^^^^^^^^^^
  File "C:\Users\ac-010.ALCANCE\Documents\Projetos\WebApiAlcance\venv\Lib\site-packages\anyio\streams\memory.py", line 106, in receive_nowait
    raise WouldBlock
anyio.WouldBlock

During handling of the above exception, another exception occurred:

Traceback (most recent call last):
  File "C:\Users\ac-010.ALCANCE\Documents\Projetos\WebApiAlcance\venv\Lib\site-packages\anyio\streams\memory.py", line 124, in receive
    return receiver.item
           ^^^^^^^^^^^^^
AttributeError: 'MemoryObjectItemReceiver' object has no attribute 'item'

During handling of the above exception, another exception occurred:

Traceback (most recent call last):
  File "C:\Users\ac-010.ALCANCE\Documents\Projetos\WebApiAlcance\venv\Lib\site-packages\starlette\middleware\base.py", line 148, in call_next
    message = await recv_stream.receive()
              ^^^^^^^^^^^^^^^^^^^^^^^^^^^
  File "C:\Users\ac-010.ALCANCE\Documents\Projetos\WebApiAlcance\venv\Lib\site-packages\anyio\streams\memory.py", line 126, in receive
    raise EndOfStream
anyio.EndOfStream

During handling of the above exception, another exception occurred:

Traceback (most recent call last):
  File "C:\Users\ac-010.ALCANCE\Documents\Projetos\WebApiAlcance\app\infra\middleware.py", line 13, in dispatch
    response = await call_next(request)
               ^^^^^^^^^^^^^^^^^^^^^^^^
  File "C:\Users\ac-010.ALCANCE\Documents\Projetos\WebApiAlcance\venv\Lib\site-packages\starlette\middleware\base.py", line 154, in call_next
    raise app_exc
  File "C:\Users\ac-010.ALCANCE\Documents\Projetos\WebApiAlcance\venv\Lib\site-packages\starlette\middleware\base.py", line 141, in coro
    await self.app(scope, receive_or_disconnect, send_no_error)
  File "C:\Users\ac-010.ALCANCE\Documents\Projetos\WebApiAlcance\venv\Lib\site-packages\prometheus_fastapi_instrumentator\middleware.py", line 174, in __call__
    raise exc
  File "C:\Users\ac-010.ALCANCE\Documents\Projetos\WebApiAlcance\venv\Lib\site-packages\prometheus_fastapi_instrumentator\middleware.py", line 172, in __call__
    await self.app(scope, receive, send_wrapper)
  File "C:\Users\ac-010.ALCANCE\Documents\Projetos\WebApiAlcance\venv\Lib\site-packages\starlette\middleware\exceptions.py", line 62, in __call__
    await wrap_app_handling_exceptions(self.app, conn)(scope, receive, send)
  File "C:\Users\ac-010.ALCANCE\Documents\Projetos\WebApiAlcance\venv\Lib\site-packages\starlette\_exception_handler.py", line 53, in wrapped_app
    raise exc
  File "C:\Users\ac-010.ALCANCE\Documents\Projetos\WebApiAlcance\venv\Lib\site-packages\starlette\_exception_handler.py", line 42, in wrapped_app
    await app(scope, receive, sender)
  File "C:\Users\ac-010.ALCANCE\Documents\Projetos\WebApiAlcance\venv\Lib\site-packages\starlette\routing.py", line 715, in __call__
    await self.middleware_stack(scope, receive, send)
  File "C:\Users\ac-010.ALCANCE\Documents\Projetos\WebApiAlcance\venv\Lib\site-packages\starlette\routing.py", line 735, in app
    await route.handle(scope, receive, send)
  File "C:\Users\ac-010.ALCANCE\Documents\Projetos\WebApiAlcance\venv\Lib\site-packages\starlette\routing.py", line 288, in handle
    await self.app(scope, receive, send)
  File "C:\Users\ac-010.ALCANCE\Documents\Projetos\WebApiAlcance\venv\Lib\site-packages\starlette\routing.py", line 76, in app
    await wrap_app_handling_exceptions(app, request)(scope, receive, send)
  File "C:\Users\ac-010.ALCANCE\Documents\Projetos\WebApiAlcance\venv\Lib\site-packages\starlette\_exception_handler.py", line 53, in wrapped_app
    raise exc
  File "C:\Users\ac-010.ALCANCE\Documents\Projetos\WebApiAlcance\venv\Lib\site-packages\starlette\_exception_handler.py", line 42, in wrapped_app
    await app(scope, receive, sender)
  File "C:\Users\ac-010.ALCANCE\Documents\Projetos\WebApiAlcance\venv\Lib\site-packages\starlette\routing.py", line 73, in app
    response = await f(request)
               ^^^^^^^^^^^^^^^^
  File "C:\Users\ac-010.ALCANCE\Documents\Projetos\WebApiAlcance\venv\Lib\site-packages\fastapi\routing.py", line 301, in app
    raw_response = await run_endpoint_function(
                   ^^^^^^^^^^^^^^^^^^^^^^^^^^^^
  File "C:\Users\ac-010.ALCANCE\Documents\Projetos\WebApiAlcance\venv\Lib\site-packages\fastapi\routing.py", line 212, in run_endpoint_function
    return await dependant.call(**values)
           ^^^^^^^^^^^^^^^^^^^^^^^^^^^^^^
  File "C:\Users\ac-010.ALCANCE\Documents\Projetos\WebApiAlcance\app\domain\user_acesssorias_config\routes.py", line 29, in listar_acessorias_configs
    return await service.listar_configs()
                 ^^^^^^^^^^^^^^^^^^^^^^^^
TypeError: UserAcessoriasConfigService.listar_configs() missing 1 required positional argument: 'usuario_id'
2025-02-12 15:33:14,226 - [INFO] - Resposta: 500
2025-02-12 15:39:15,501 - [INFO] - 1 change detected
2025-02-12 15:39:15,930 - [INFO] - 4 changes detected
2025-02-12 15:39:56,442 - [INFO] - Recebendo requisição: GET http://127.0.0.1:8000/docs
2025-02-12 15:39:56,443 - [INFO] - Resposta: 200
2025-02-12 15:39:56,639 - [INFO] - Recebendo requisição: GET http://127.0.0.1:8000/openapi.json
2025-02-12 15:39:56,746 - [INFO] - Resposta: 200
2025-02-12 15:40:03,096 - [INFO] - Recebendo requisição: POST http://127.0.0.1:8000/api/v1/auth/token
2025-02-12 15:40:03,099 - [INFO] - Buscando usuário: admin
2025-02-12 15:40:03,142 - [INFO] - SELECT DATABASE()
2025-02-12 15:40:03,142 - [INFO] - [raw sql] ()
2025-02-12 15:40:03,144 - [INFO] - SELECT @@sql_mode
2025-02-12 15:40:03,144 - [INFO] - [raw sql] ()
2025-02-12 15:40:03,145 - [INFO] - SELECT @@lower_case_table_names
2025-02-12 15:40:03,145 - [INFO] - [raw sql] ()
2025-02-12 15:40:03,146 - [INFO] - BEGIN (implicit)
2025-02-12 15:40:03,167 - [INFO] - SELECT user.id, user.nome, user.email, user.senha, user.login, user.grupo, user.telefone, user.cargo, user.setor, user.ativo 
FROM user 
WHERE user.login = %s
2025-02-12 15:40:03,167 - [INFO] - [generated in 0.00034s] ('admin',)
2025-02-12 15:40:03,172 - [INFO] - Usuário encontrado: admin
2025-02-12 15:40:03,590 - [INFO] - ROLLBACK
2025-02-12 15:40:03,591 - [INFO] - Resposta: 200
2025-02-12 15:40:12,098 - [INFO] - Recebendo requisição: GET http://127.0.0.1:8000/api/v1/user-acessorias/
2025-02-12 15:40:12,101 - [INFO] - Buscando usuário: admin
2025-02-12 15:40:12,102 - [INFO] - BEGIN (implicit)
2025-02-12 15:40:12,102 - [INFO] - SELECT user.id, user.nome, user.email, user.senha, user.login, user.grupo, user.telefone, user.cargo, user.setor, user.ativo 
FROM user 
WHERE user.login = %s
2025-02-12 15:40:12,102 - [INFO] - [cached since 8.935s ago] ('admin',)
2025-02-12 15:40:12,104 - [INFO] - Usuário encontrado: admin
2025-02-12 15:40:12,109 - [INFO] - SELECT user_acessorias_config.id, user_acessorias_config.usuario_id, user_acessorias_config.login, user_acessorias_config.senha 
FROM user_acessorias_config
2025-02-12 15:40:12,110 - [INFO] - [generated in 0.00153s] ()
2025-02-12 15:40:12,120 - [INFO] - ROLLBACK
2025-02-12 15:40:12,124 - [INFO] - Resposta: 200
2025-02-12 15:40:22,870 - [INFO] - Recebendo requisição: GET http://127.0.0.1:8000/api/v1/user-acessorias/1
2025-02-12 15:40:22,873 - [INFO] - Buscando usuário: admin
2025-02-12 15:40:22,874 - [INFO] - BEGIN (implicit)
2025-02-12 15:40:22,874 - [INFO] - SELECT user.id, user.nome, user.email, user.senha, user.login, user.grupo, user.telefone, user.cargo, user.setor, user.ativo 
FROM user 
WHERE user.login = %s
2025-02-12 15:40:22,875 - [INFO] - [cached since 19.71s ago] ('admin',)
2025-02-12 15:40:22,877 - [INFO] - Usuário encontrado: admin
2025-02-12 15:40:22,882 - [INFO] - SELECT user_acessorias_config.id AS user_acessorias_config_id, user_acessorias_config.usuario_id AS user_acessorias_config_usuario_id, user_acessorias_config.login AS user_acessorias_config_login, user_acessorias_config.senha AS user_acessorias_config_senha 
FROM user_acessorias_config 
WHERE user_acessorias_config.id = %s
2025-02-12 15:40:22,884 - [INFO] - [generated in 0.00268s] (1,)
2025-02-12 15:40:22,891 - [INFO] - ROLLBACK
2025-02-12 15:40:22,892 - [INFO] - Resposta: 200
2025-02-12 16:47:03,930 - [INFO] - 1 change detected
2025-02-12 16:47:18,372 - [INFO] - 1 change detected
2025-02-12 16:47:19,225 - [INFO] - 1 change detected
2025-02-12 16:47:33,103 - [INFO] - 1 change detected
2025-02-12 16:47:34,108 - [INFO] - 1 change detected
2025-02-12 16:47:48,402 - [INFO] - 1 change detected
2025-02-12 16:47:48,859 - [INFO] - 1 change detected
2025-02-12 16:48:03,179 - [INFO] - 1 change detected
2025-02-12 16:48:03,757 - [INFO] - 1 change detected
2025-02-12 16:48:18,197 - [INFO] - 1 change detected
2025-02-12 16:48:18,568 - [INFO] - 1 change detected
2025-02-12 16:48:33,294 - [INFO] - 1 change detected
2025-02-12 16:48:34,022 - [INFO] - 1 change detected
2025-02-12 16:48:48,267 - [INFO] - 1 change detected
2025-02-12 16:48:48,694 - [INFO] - 1 change detected
2025-02-12 16:49:03,242 - [INFO] - 1 change detected
2025-02-12 16:49:03,880 - [INFO] - 1 change detected
2025-02-12 16:49:18,193 - [INFO] - 1 change detected
2025-02-12 16:49:18,852 - [INFO] - 1 change detected
2025-02-12 16:49:33,316 - [INFO] - 1 change detected
2025-02-12 16:49:33,716 - [INFO] - 1 change detected
2025-02-12 16:49:48,289 - [INFO] - 1 change detected
2025-02-12 16:49:48,721 - [INFO] - 1 change detected
2025-02-12 16:50:03,331 - [INFO] - 1 change detected
2025-02-12 16:50:18,314 - [INFO] - 1 change detected
2025-02-12 16:50:18,803 - [INFO] - 1 change detected
2025-02-12 16:50:33,300 - [INFO] - 1 change detected
2025-02-12 16:50:33,831 - [INFO] - 1 change detected
2025-02-12 16:50:48,271 - [INFO] - 1 change detected
2025-02-12 16:50:48,805 - [INFO] - 1 change detected
2025-02-12 16:51:03,269 - [INFO] - 1 change detected
2025-02-12 16:51:03,692 - [INFO] - 1 change detected
2025-02-12 16:51:18,615 - [INFO] - 1 change detected
2025-02-12 16:51:19,047 - [INFO] - 1 change detected
2025-02-12 16:51:33,262 - [INFO] - 1 change detected
2025-02-12 16:51:33,645 - [INFO] - 1 change detected
2025-02-12 16:51:48,291 - [INFO] - 1 change detected
2025-02-12 16:51:48,852 - [INFO] - 1 change detected
2025-02-12 16:52:03,330 - [INFO] - 1 change detected
2025-02-12 16:52:03,720 - [INFO] - 1 change detected
2025-02-12 16:52:18,568 - [INFO] - 1 change detected
2025-02-12 16:52:19,338 - [INFO] - 1 change detected
2025-02-12 16:52:33,454 - [INFO] - 1 change detected
2025-02-12 16:52:48,353 - [INFO] - 1 change detected
2025-02-12 16:52:48,809 - [INFO] - 1 change detected
2025-02-12 16:53:03,446 - [INFO] - 1 change detected
2025-02-12 16:53:03,901 - [INFO] - 1 change detected
2025-02-12 16:53:18,297 - [INFO] - 1 change detected
2025-02-12 16:53:19,102 - [INFO] - 1 change detected
2025-02-12 16:53:33,428 - [INFO] - 1 change detected
2025-02-12 16:53:33,842 - [INFO] - 1 change detected
2025-02-12 16:53:48,485 - [INFO] - 1 change detected
2025-02-12 16:53:48,898 - [INFO] - 1 change detected
2025-02-12 16:54:03,486 - [INFO] - 1 change detected
2025-02-12 16:54:03,859 - [INFO] - 1 change detected
2025-02-12 16:54:18,613 - [INFO] - 1 change detected
2025-02-12 16:54:19,212 - [INFO] - 1 change detected
2025-02-12 16:54:33,492 - [INFO] - 1 change detected
2025-02-12 16:54:33,940 - [INFO] - 1 change detected
2025-02-12 16:54:48,555 - [INFO] - 1 change detected
2025-02-12 16:54:48,920 - [INFO] - 1 change detected
2025-02-12 16:55:03,517 - [INFO] - 1 change detected
2025-02-12 16:55:03,959 - [INFO] - 1 change detected
2025-02-12 16:55:18,590 - [INFO] - 1 change detected
2025-02-12 16:55:20,346 - [INFO] - 1 change detected
2025-02-12 16:55:33,522 - [INFO] - 1 change detected
2025-02-12 16:55:33,944 - [INFO] - 1 change detected
2025-02-12 16:55:48,831 - [INFO] - 1 change detected
2025-02-12 16:55:49,258 - [INFO] - 1 change detected
2025-02-12 16:56:03,616 - [INFO] - 1 change detected
2025-02-12 16:56:18,775 - [INFO] - 1 change detected
2025-02-12 16:56:19,152 - [INFO] - 1 change detected
2025-02-12 16:56:33,642 - [INFO] - 1 change detected
2025-02-12 16:56:34,061 - [INFO] - 1 change detected
2025-02-12 16:56:48,816 - [INFO] - 1 change detected
2025-02-12 16:56:49,191 - [INFO] - 1 change detected
2025-02-12 16:57:03,572 - [INFO] - 1 change detected
2025-02-12 16:57:04,011 - [INFO] - 1 change detected
2025-02-12 16:57:18,662 - [INFO] - 1 change detected
2025-02-12 16:57:19,083 - [INFO] - 1 change detected
2025-02-12 16:57:33,989 - [INFO] - 1 change detected
2025-02-12 16:57:34,435 - [INFO] - 1 change detected
2025-02-12 16:57:48,658 - [INFO] - 1 change detected
2025-02-12 16:57:49,047 - [INFO] - 1 change detected
2025-02-12 16:58:03,930 - [INFO] - 1 change detected
2025-02-12 16:58:04,363 - [INFO] - 1 change detected
2025-02-12 16:58:18,710 - [INFO] - 1 change detected
2025-02-12 16:58:19,122 - [INFO] - 1 change detected
2025-02-12 16:58:33,627 - [INFO] - 1 change detected
2025-02-12 16:58:34,041 - [INFO] - 1 change detected
2025-02-12 16:58:48,791 - [INFO] - 1 change detected
2025-02-12 16:59:03,658 - [INFO] - 1 change detected
2025-02-12 16:59:04,207 - [INFO] - 1 change detected
2025-02-12 16:59:18,744 - [INFO] - 1 change detected
2025-02-12 16:59:19,152 - [INFO] - 1 change detected
2025-02-12 16:59:34,058 - [INFO] - 1 change detected
2025-02-12 16:59:34,465 - [INFO] - 1 change detected
2025-02-12 16:59:48,782 - [INFO] - 1 change detected
2025-02-12 16:59:49,309 - [INFO] - 1 change detected
2025-02-12 17:00:03,785 - [INFO] - 1 change detected
2025-02-12 17:00:04,186 - [INFO] - 1 change detected
2025-02-12 17:00:18,708 - [INFO] - 1 change detected
2025-02-12 17:00:19,189 - [INFO] - 1 change detected
2025-02-12 17:00:33,883 - [INFO] - 1 change detected
2025-02-12 17:00:48,804 - [INFO] - 1 change detected
2025-02-12 17:01:03,742 - [INFO] - 1 change detected
2025-02-12 17:01:04,120 - [INFO] - 1 change detected
2025-02-12 17:01:18,748 - [INFO] - 1 change detected
2025-02-12 17:01:19,159 - [INFO] - 1 change detected
2025-02-12 17:01:33,970 - [INFO] - 1 change detected
2025-02-12 17:01:34,359 - [INFO] - 1 change detected
2025-02-12 17:01:48,764 - [INFO] - 1 change detected
2025-02-12 17:01:49,279 - [INFO] - 1 change detected
2025-02-12 17:02:03,820 - [INFO] - 1 change detected
2025-02-12 17:02:04,494 - [INFO] - 1 change detected
2025-02-12 17:02:18,795 - [INFO] - 1 change detected
2025-02-12 17:02:19,479 - [INFO] - 1 change detected
2025-02-12 17:02:34,016 - [INFO] - 1 change detected
2025-02-12 17:02:34,404 - [INFO] - 1 change detected
2025-02-12 17:02:48,898 - [INFO] - 1 change detected
2025-02-12 17:02:49,288 - [INFO] - 1 change detected
2025-02-12 17:03:03,799 - [INFO] - 1 change detected
2025-02-12 17:03:04,316 - [INFO] - 1 change detected
2025-02-12 17:03:18,874 - [INFO] - 1 change detected
2025-02-12 17:03:19,278 - [INFO] - 1 change detected
2025-02-12 17:03:33,834 - [INFO] - 1 change detected
2025-02-12 17:03:34,356 - [INFO] - 1 change detected
2025-02-12 17:03:48,951 - [INFO] - 1 change detected
2025-02-12 17:03:49,559 - [INFO] - 1 change detected
2025-02-12 17:04:04,067 - [INFO] - 1 change detected
2025-02-12 17:04:04,680 - [INFO] - 1 change detected
2025-02-12 17:04:18,869 - [INFO] - 1 change detected
2025-02-12 17:04:19,391 - [INFO] - 1 change detected
2025-02-12 17:04:34,130 - [INFO] - 1 change detected
2025-02-12 17:04:34,526 - [INFO] - 1 change detected
2025-02-12 17:04:48,864 - [INFO] - 1 change detected
2025-02-12 17:04:49,234 - [INFO] - 1 change detected
2025-02-12 17:05:03,998 - [INFO] - 1 change detected
2025-02-12 17:05:04,553 - [INFO] - 1 change detected
2025-02-12 17:05:18,896 - [INFO] - 1 change detected
2025-02-12 17:05:19,431 - [INFO] - 1 change detected
2025-02-12 17:05:34,372 - [INFO] - 1 change detected
2025-02-12 17:05:34,748 - [INFO] - 1 change detected
2025-02-12 17:05:49,012 - [INFO] - 1 change detected
2025-02-12 17:05:49,639 - [INFO] - 1 change detected
2025-02-12 17:06:03,975 - [INFO] - 1 change detected
2025-02-12 17:06:04,542 - [INFO] - 1 change detected
2025-02-12 17:06:19,019 - [INFO] - 1 change detected
2025-02-12 17:06:19,445 - [INFO] - 1 change detected
2025-02-12 17:06:33,948 - [INFO] - 1 change detected
2025-02-12 17:06:34,493 - [INFO] - 1 change detected
2025-02-12 17:06:48,978 - [INFO] - 1 change detected
2025-02-12 17:06:49,356 - [INFO] - 1 change detected
2025-02-12 17:07:03,959 - [INFO] - 1 change detected
2025-02-12 17:07:04,403 - [INFO] - 1 change detected
2025-02-12 17:07:19,035 - [INFO] - 1 change detected
2025-02-12 17:07:19,399 - [INFO] - 1 change detected
2025-02-12 17:07:33,984 - [INFO] - 1 change detected
2025-02-12 17:07:34,820 - [INFO] - 1 change detected
2025-02-12 17:07:48,970 - [INFO] - 1 change detected
2025-02-12 17:07:49,518 - [INFO] - 1 change detected
2025-02-12 17:08:04,275 - [INFO] - 1 change detected
2025-02-12 17:08:04,815 - [INFO] - 1 change detected
2025-02-12 17:08:19,079 - [INFO] - 1 change detected
2025-02-12 17:08:19,453 - [INFO] - 1 change detected
2025-02-12 17:08:34,087 - [INFO] - 1 change detected
2025-02-12 17:08:34,468 - [INFO] - 1 change detected
2025-02-12 17:08:49,239 - [INFO] - 1 change detected
2025-02-12 17:08:49,865 - [INFO] - 1 change detected
2025-02-12 17:09:04,098 - [INFO] - 1 change detected
2025-02-12 17:09:04,611 - [INFO] - 1 change detected
2025-02-12 17:09:19,227 - [INFO] - 1 change detected
2025-02-12 17:09:34,148 - [INFO] - 1 change detected
2025-02-12 17:09:49,139 - [INFO] - 1 change detected
2025-02-12 17:10:04,083 - [INFO] - 1 change detected
2025-02-12 17:10:04,796 - [INFO] - 1 change detected
2025-02-12 17:10:19,086 - [INFO] - 1 change detected
2025-02-12 17:10:19,587 - [INFO] - 1 change detected
2025-02-12 17:10:34,064 - [INFO] - 1 change detected
2025-02-12 17:10:34,488 - [INFO] - 1 change detected
2025-02-12 17:10:49,160 - [INFO] - 1 change detected
2025-02-12 17:11:04,114 - [INFO] - 1 change detected
2025-02-12 17:11:04,868 - [INFO] - 1 change detected
2025-02-12 17:11:19,289 - [INFO] - 1 change detected
2025-02-12 17:11:19,677 - [INFO] - 1 change detected
2025-02-12 17:11:34,441 - [INFO] - 1 change detected
2025-02-12 17:11:35,024 - [INFO] - 1 change detected
2025-02-12 17:11:49,177 - [INFO] - 1 change detected
2025-02-12 17:11:49,673 - [INFO] - 1 change detected
2025-02-12 17:12:04,195 - [INFO] - 1 change detected
2025-02-12 17:12:04,744 - [INFO] - 1 change detected
2025-02-12 17:12:19,220 - [INFO] - 1 change detected
2025-02-12 17:12:19,694 - [INFO] - 1 change detected
2025-02-12 17:12:34,237 - [INFO] - 1 change detected
2025-02-12 17:12:34,745 - [INFO] - 1 change detected
2025-02-12 17:12:49,222 - [INFO] - 1 change detected
2025-02-12 17:12:49,635 - [INFO] - 1 change detected
2025-02-12 17:13:04,265 - [INFO] - 1 change detected
2025-02-12 17:13:04,633 - [INFO] - 1 change detected
2025-02-12 17:13:19,233 - [INFO] - 1 change detected
2025-02-12 17:13:19,656 - [INFO] - 1 change detected
2025-02-12 17:13:34,963 - [INFO] - 1 change detected
2025-02-12 17:13:49,259 - [INFO] - 1 change detected
2025-02-12 17:13:49,655 - [INFO] - 1 change detected
2025-02-12 17:14:04,303 - [INFO] - 1 change detected
2025-02-12 17:14:04,908 - [INFO] - 1 change detected
2025-02-12 17:14:19,222 - [INFO] - 1 change detected
2025-02-12 17:14:19,650 - [INFO] - 1 change detected
2025-02-12 17:14:34,374 - [INFO] - 1 change detected
2025-02-12 17:14:35,098 - [INFO] - 1 change detected
2025-02-12 17:14:49,228 - [INFO] - 1 change detected
2025-02-12 17:14:49,653 - [INFO] - 1 change detected
2025-02-12 17:15:04,313 - [INFO] - 1 change detected
2025-02-12 17:15:04,730 - [INFO] - 1 change detected
2025-02-12 17:15:19,358 - [INFO] - 1 change detected
2025-02-12 17:15:19,851 - [INFO] - 1 change detected
2025-02-12 17:15:34,258 - [INFO] - 1 change detected
2025-02-12 17:15:34,671 - [INFO] - 1 change detected
2025-02-12 17:15:49,297 - [INFO] - 1 change detected
2025-02-12 17:15:50,025 - [INFO] - 1 change detected
2025-02-12 17:16:04,264 - [INFO] - 1 change detected
2025-02-12 17:16:04,789 - [INFO] - 1 change detected
2025-02-12 17:16:19,282 - [INFO] - 1 change detected
2025-02-12 17:16:19,760 - [INFO] - 1 change detected
2025-02-12 17:16:34,321 - [INFO] - 1 change detected
2025-02-12 17:16:34,740 - [INFO] - 1 change detected
2025-02-12 17:16:49,419 - [INFO] - 1 change detected
2025-02-12 17:17:04,294 - [INFO] - 1 change detected
2025-02-12 17:17:04,956 - [INFO] - 1 change detected
2025-02-12 17:17:19,381 - [INFO] - 1 change detected
2025-02-12 17:17:19,770 - [INFO] - 1 change detected
2025-02-12 17:17:34,475 - [INFO] - 1 change detected
2025-02-12 17:17:49,404 - [INFO] - 1 change detected
2025-02-12 17:17:49,872 - [INFO] - 1 change detected
2025-02-12 17:18:04,464 - [INFO] - 1 change detected
2025-02-12 17:18:04,842 - [INFO] - 1 change detected
2025-02-12 17:18:19,365 - [INFO] - 1 change detected
2025-02-12 17:18:19,730 - [INFO] - 1 change detected
2025-02-12 17:18:34,351 - [INFO] - 1 change detected
2025-02-12 17:18:34,765 - [INFO] - 1 change detected
2025-02-12 17:18:49,372 - [INFO] - 1 change detected
2025-02-12 17:18:49,952 - [INFO] - 1 change detected
2025-02-12 17:19:04,467 - [INFO] - 1 change detected
2025-02-12 17:19:05,088 - [INFO] - 1 change detected
2025-02-12 17:19:19,375 - [INFO] - 1 change detected
2025-02-12 17:19:19,870 - [INFO] - 1 change detected
2025-02-12 17:19:34,458 - [INFO] - 1 change detected
2025-02-12 17:19:34,818 - [INFO] - 1 change detected
2025-02-12 17:19:49,478 - [INFO] - 1 change detected
2025-02-12 17:19:50,012 - [INFO] - 1 change detected
2025-02-12 17:20:04,705 - [INFO] - 1 change detected
2025-02-12 17:20:05,079 - [INFO] - 1 change detected
2025-02-12 17:20:19,402 - [INFO] - 1 change detected
2025-02-12 17:20:19,834 - [INFO] - 1 change detected
2025-02-12 17:20:34,459 - [INFO] - 1 change detected
2025-02-12 17:20:34,880 - [INFO] - 1 change detected
2025-02-12 17:20:49,646 - [INFO] - 1 change detected
2025-02-12 17:20:50,456 - [INFO] - 1 change detected
2025-02-12 17:21:04,553 - [INFO] - 1 change detected
2025-02-12 17:21:04,939 - [INFO] - 1 change detected
2025-02-12 17:21:19,549 - [INFO] - 1 change detected
2025-02-12 17:21:19,912 - [INFO] - 1 change detected
2025-02-12 17:21:35,091 - [INFO] - 1 change detected
2025-02-12 17:21:40,782 - [INFO] - 1 change detected
2025-02-12 17:21:49,976 - [INFO] - 1 change detected
2025-02-12 17:21:50,392 - [INFO] - 1 change detected
2025-02-12 17:22:05,033 - [INFO] - 1 change detected
2025-02-12 17:22:05,771 - [INFO] - 1 change detected
2025-02-12 17:22:20,017 - [INFO] - 1 change detected
2025-02-12 17:22:20,475 - [INFO] - 1 change detected
2025-02-12 17:22:34,982 - [INFO] - 1 change detected
2025-02-12 17:22:35,351 - [INFO] - 1 change detected
2025-02-12 17:22:50,369 - [INFO] - 1 change detected
2025-02-12 17:22:50,942 - [INFO] - 1 change detected
2025-02-12 17:23:05,680 - [INFO] - 1 change detected
2025-02-12 17:23:06,421 - [INFO] - 1 change detected
2025-02-12 17:23:20,031 - [INFO] - 1 change detected
2025-02-12 17:23:20,676 - [INFO] - 1 change detected
2025-02-12 17:23:35,119 - [INFO] - 1 change detected
2025-02-12 17:23:37,128 - [INFO] - 1 change detected
2025-02-12 17:23:49,985 - [INFO] - 1 change detected
2025-02-12 17:23:50,384 - [INFO] - 1 change detected
2025-02-12 18:21:40,487 - [INFO] - 1 change detected
2025-02-12 18:21:48,995 - [INFO] - 1 change detected
2025-02-12 18:21:49,386 - [INFO] - 1 change detected
2025-02-12 18:22:04,152 - [INFO] - 1 change detected
2025-02-12 18:22:18,990 - [INFO] - 1 change detected
2025-02-12 18:22:19,360 - [INFO] - 1 change detected
2025-02-12 18:22:34,130 - [INFO] - 1 change detected
2025-02-12 18:22:35,007 - [INFO] - 1 change detected
2025-02-12 18:22:49,212 - [INFO] - 1 change detected
2025-02-12 18:23:04,326 - [INFO] - 1 change detected
2025-02-12 18:23:04,763 - [INFO] - 1 change detected
2025-02-12 18:23:19,100 - [INFO] - 1 change detected
2025-02-12 18:23:19,549 - [INFO] - 1 change detected
2025-02-12 18:23:34,414 - [INFO] - 1 change detected
2025-02-12 18:23:34,777 - [INFO] - 1 change detected
2025-02-12 18:23:49,219 - [INFO] - 1 change detected
2025-02-12 18:23:49,595 - [INFO] - 1 change detected
2025-02-12 18:24:04,108 - [INFO] - 1 change detected
2025-02-12 18:24:04,698 - [INFO] - 1 change detected
2025-02-12 18:24:19,372 - [INFO] - 1 change detected
2025-02-12 18:24:19,744 - [INFO] - 1 change detected
2025-02-12 18:24:34,159 - [INFO] - 1 change detected
2025-02-12 18:24:49,263 - [INFO] - 1 change detected
2025-02-12 18:24:49,792 - [INFO] - 1 change detected
2025-02-12 18:25:04,199 - [INFO] - 1 change detected
2025-02-12 18:25:04,579 - [INFO] - 1 change detected
2025-02-12 18:25:19,201 - [INFO] - 1 change detected
2025-02-12 18:25:19,613 - [INFO] - 1 change detected
2025-02-12 18:25:34,168 - [INFO] - 1 change detected
2025-02-12 18:25:34,965 - [INFO] - 1 change detected
2025-02-12 18:25:49,236 - [INFO] - 1 change detected
2025-02-12 18:25:49,629 - [INFO] - 1 change detected
2025-02-12 18:26:04,284 - [INFO] - 1 change detected
2025-02-12 18:26:04,719 - [INFO] - 1 change detected
2025-02-12 18:26:19,311 - [INFO] - 1 change detected
2025-02-12 18:26:19,665 - [INFO] - 1 change detected
2025-02-12 18:26:34,334 - [INFO] - 1 change detected
2025-02-12 18:26:49,480 - [INFO] - 1 change detected
2025-02-12 18:26:50,008 - [INFO] - 1 change detected
2025-02-12 18:27:04,319 - [INFO] - 1 change detected
2025-02-12 18:27:19,451 - [INFO] - 1 change detected
2025-02-12 18:27:19,821 - [INFO] - 1 change detected
2025-02-12 18:27:34,294 - [INFO] - 1 change detected
2025-02-12 18:27:34,764 - [INFO] - 1 change detected
2025-02-12 18:27:49,364 - [INFO] - 1 change detected
2025-02-12 18:27:49,732 - [INFO] - 1 change detected
2025-02-12 18:28:04,310 - [INFO] - 1 change detected
2025-02-12 18:28:04,700 - [INFO] - 1 change detected
2025-02-12 18:28:19,382 - [INFO] - 1 change detected
2025-02-12 18:28:34,541 - [INFO] - 1 change detected
2025-02-12 18:28:35,112 - [INFO] - 1 change detected
2025-02-12 18:28:49,400 - [INFO] - 1 change detected
2025-02-12 18:28:49,816 - [INFO] - 1 change detected
2025-02-12 18:29:04,334 - [INFO] - 1 change detected
2025-02-12 18:29:04,780 - [INFO] - 1 change detected
2025-02-12 18:29:19,347 - [INFO] - 1 change detected
2025-02-12 18:29:19,742 - [INFO] - 1 change detected
2025-02-12 18:29:34,485 - [INFO] - 1 change detected
2025-02-12 18:29:34,934 - [INFO] - 1 change detected
2025-02-12 18:29:49,492 - [INFO] - 1 change detected
2025-02-12 18:29:49,939 - [INFO] - 1 change detected
2025-02-12 18:30:04,552 - [INFO] - 1 change detected
2025-02-12 18:30:04,947 - [INFO] - 1 change detected
2025-02-12 18:30:19,610 - [INFO] - 1 change detected
2025-02-12 18:30:20,004 - [INFO] - 1 change detected
2025-02-12 18:30:34,574 - [INFO] - 1 change detected
2025-02-12 18:30:34,953 - [INFO] - 1 change detected
2025-02-12 18:30:49,800 - [INFO] - 1 change detected
2025-02-12 18:30:50,171 - [INFO] - 1 change detected
2025-02-12 18:31:04,699 - [INFO] - 1 change detected
2025-02-12 18:31:05,121 - [INFO] - 1 change detected
2025-02-12 18:31:19,662 - [INFO] - 1 change detected
2025-02-12 18:31:20,047 - [INFO] - 1 change detected
2025-02-12 18:31:34,833 - [INFO] - 1 change detected
2025-02-12 18:31:35,222 - [INFO] - 1 change detected
2025-02-12 18:31:50,593 - [INFO] - 1 change detected
2025-02-12 18:32:05,645 - [INFO] - 1 change detected
2025-02-12 18:32:06,051 - [INFO] - 1 change detected
2025-02-12 18:32:20,652 - [INFO] - 1 change detected
2025-02-12 18:32:21,076 - [INFO] - 1 change detected
2025-02-12 18:32:35,587 - [INFO] - 1 change detected
2025-02-12 18:32:35,978 - [INFO] - 1 change detected
2025-02-12 18:32:50,592 - [INFO] - 1 change detected
2025-02-12 18:32:51,032 - [INFO] - 1 change detected
2025-02-12 18:33:05,856 - [INFO] - 1 change detected
2025-02-12 18:33:21,395 - [INFO] - 1 change detected
2025-02-12 18:33:21,757 - [INFO] - 1 change detected
2025-02-12 18:33:35,561 - [INFO] - 1 change detected
2025-02-12 18:33:35,919 - [INFO] - 1 change detected
2025-02-12 18:33:50,587 - [INFO] - 1 change detected
2025-02-12 18:33:51,102 - [INFO] - 1 change detected
2025-02-12 18:34:05,664 - [INFO] - 1 change detected
2025-02-12 18:34:06,035 - [INFO] - 1 change detected
2025-02-12 18:34:20,836 - [INFO] - 1 change detected
2025-02-12 18:34:21,208 - [INFO] - 1 change detected
2025-02-12 18:34:35,611 - [INFO] - 1 change detected
2025-02-12 18:34:36,040 - [INFO] - 1 change detected
2025-02-12 18:34:50,595 - [INFO] - 1 change detected
2025-02-12 18:34:51,024 - [INFO] - 1 change detected
2025-02-12 18:35:05,977 - [INFO] - 1 change detected
2025-02-12 18:35:06,407 - [INFO] - 1 change detected
2025-02-12 18:35:20,835 - [INFO] - 1 change detected
2025-02-12 18:35:21,215 - [INFO] - 1 change detected
2025-02-12 18:35:35,746 - [INFO] - 1 change detected
2025-02-12 18:35:36,141 - [INFO] - 1 change detected
2025-02-12 18:35:51,207 - [INFO] - 1 change detected
2025-02-12 18:35:51,642 - [INFO] - 1 change detected
2025-02-12 18:36:05,778 - [INFO] - 1 change detected
2025-02-12 18:36:06,301 - [INFO] - 1 change detected
2025-02-12 18:36:20,751 - [INFO] - 1 change detected
2025-02-12 18:36:21,145 - [INFO] - 1 change detected
2025-02-12 18:36:35,865 - [INFO] - 1 change detected
2025-02-12 18:36:36,273 - [INFO] - 1 change detected
2025-02-12 18:36:50,786 - [INFO] - 1 change detected
2025-02-12 18:36:51,177 - [INFO] - 1 change detected
2025-02-12 18:37:05,870 - [INFO] - 1 change detected
2025-02-12 18:37:06,277 - [INFO] - 1 change detected
